#
# There is insufficient memory for the Java Runtime Environment to continue.
# Native memory allocation (mmap) failed to map 65536 bytes for Failed to commit metaspace.
# Possible reasons:
#   The system is out of physical RAM or swap space
#   The process is running with CompressedOops enabled, and the Java Heap may be blocking the growth of the native heap
# Possible solutions:
#   Reduce memory load on the system
#   Increase physical memory or swap space
#   Check if swap backing store is full
#   Decrease Java heap size (-Xmx/-Xms)
#   Decrease number of Java threads
#   Decrease Java thread stack sizes (-Xss)
#   Set larger code cache with -XX:ReservedCodeCacheSize=
#   JVM is running with Unscaled Compressed Oops mode in which the Java heap is
#     placed in the first 4GB address space. The Java Heap base address is the
#     maximum limit for the native heap growth. Please use -XX:HeapBaseMinAddress
#     to set the Java Heap base and to place the Java Heap above 4GB virtual address.
# This output file may be truncated or incomplete.
#
#  Out of Memory Error (virtualSpaceNode.cpp:110), pid=10852, tid=8460
#
# JRE version: Java(TM) SE Runtime Environment (17.0.1+12) (build 17.0.1+12-LTS-39)
# Java VM: Java HotSpot(TM) 64-Bit Server VM (17.0.1+12-LTS-39, mixed mode, emulated-client, sharing, tiered, compressed oops, compressed class ptrs, g1 gc, windows-amd64)
# No core dump will be written. Minidumps are not enabled by default on client versions of Windows
#

---------------  S U M M A R Y ------------

Command Line: -Dquarkus-internal.serialized-app-model.path=D:\New folder\Programming\Java\code-with-quarkus\target\quarkus\bootstrap\dev-app-model.dat -javaagent:C:\Users\HP\.m2\repository\io\quarkus\quarkus-class-change-agent\3.5.0\quarkus-class-change-agent-3.5.0.jar -XX:TieredStopAtLevel=1 -agentlib:jdwp=transport=dt_socket,address=localhost:5005,server=y,suspend=n -Djava.util.logging.manager=org.jboss.logmanager.LogManager D:\New folder\Programming\Java\code-with-quarkus\target\code-with-quarkus-dev.jar

Host: 11th Gen Intel(R) Core(TM) i5-1135G7 @ 2.40GHz, 8 cores, 7G,  Windows 10 , 64 bit Build 19041 (10.0.19041.3570)
Time: Sat Nov  4 18:49:08 2023 India Standard Time elapsed time: 2.971306 seconds (0d 0h 0m 2s)

---------------  T H R E A D  ---------------

Current thread (0x0000021379a5df00):  JavaThread "build-5" [_thread_in_vm, id=8460, stack(0x0000007ef7700000,0x0000007ef7800000)]

Stack: [0x0000007ef7700000,0x0000007ef7800000]
Native frames: (J=compiled Java code, j=interpreted, Vv=VM code, C=native code)
V  [jvm.dll+0x66fa1a]
V  [jvm.dll+0x7ce5a4]
V  [jvm.dll+0x7cfd4e]
V  [jvm.dll+0x7d03b3]
V  [jvm.dll+0x242b05]
V  [jvm.dll+0x7ca54b]
V  [jvm.dll+0x615b76]
V  [jvm.dll+0x1be19e]
V  [jvm.dll+0x6184b1]
V  [jvm.dll+0x616516]
V  [jvm.dll+0x620187]
V  [jvm.dll+0x1e7dcb]
V  [jvm.dll+0x1e8305]
V  [jvm.dll+0x1e8d3f]
V  [jvm.dll+0x1de1f1]
V  [jvm.dll+0x537690]
V  [jvm.dll+0x7496c8]
V  [jvm.dll+0x7497b4]
V  [jvm.dll+0x408995]
V  [jvm.dll+0x40e9e8]
C  [java.dll+0x17ec]

Java frames: (J=compiled Java code, j=interpreted, Vv=VM code)
J 1775  java.lang.ClassLoader.defineClass1(Ljava/lang/ClassLoader;Ljava/lang/String;[BIILjava/security/ProtectionDomain;Ljava/lang/String;)Ljava/lang/Class; java.base@17.0.1 (0 bytes) @ 0x000002136d421263 [0x000002136d4211a0+0x00000000000000c3]
J 1795 c1 java.lang.ClassLoader.defineClass(Ljava/lang/String;[BIILjava/security/ProtectionDomain;)Ljava/lang/Class; java.base@17.0.1 (43 bytes) @ 0x000002136d42a514 [0x000002136d42a3e0+0x0000000000000134]
J 3109 c1 io.quarkus.bootstrap.classloading.QuarkusClassLoader.loadClass(Ljava/lang/String;Z)Ljava/lang/Class; (404 bytes) @ 0x000002136d69e20c [0x000002136d69d600+0x0000000000000c0c]
J 1806 c1 io.quarkus.bootstrap.classloading.QuarkusClassLoader.loadClass(Ljava/lang/String;)Ljava/lang/Class; (7 bytes) @ 0x000002136d42fbf4 [0x000002136d42fba0+0x0000000000000054]
v  ~StubRoutines::call_stub
j  org.jboss.jandex.Indexer.processAnnotation(Ljava/io/DataInputStream;Lorg/jboss/jandex/AnnotationTarget;Z)Lorg/jboss/jandex/AnnotationInstance;+153
j  org.jboss.jandex.Indexer.processAnnotations(Ljava/io/DataInputStream;Lorg/jboss/jandex/AnnotationTarget;Z)V+18
j  org.jboss.jandex.Indexer.processAttributes(Ljava/io/DataInputStream;Lorg/jboss/jandex/AnnotationTarget;)V+73
j  org.jboss.jandex.Indexer.indexWithSummary(Ljava/io/InputStream;)Lorg/jboss/jandex/ClassSummary;+207
j  org.jboss.jandex.Indexer.index(Ljava/io/InputStream;)V+2
j  io.quarkus.deployment.steps.ApplicationIndexBuildStep$1.visitFile(Ljava/nio/file/Path;Ljava/nio/file/attribute/BasicFileAttributes;)Ljava/nio/file/FileVisitResult;+68
j  io.quarkus.deployment.steps.ApplicationIndexBuildStep$1.visitFile(Ljava/lang/Object;Ljava/nio/file/attribute/BasicFileAttributes;)Ljava/nio/file/FileVisitResult;+6
j  java.nio.file.Files.walkFileTree(Ljava/nio/file/Path;Ljava/util/Set;ILjava/nio/file/FileVisitor;)Ljava/nio/file/Path;+101 java.base@17.0.1
j  java.nio.file.Files.walkFileTree(Ljava/nio/file/Path;Ljava/nio/file/FileVisitor;)Ljava/nio/file/Path;+11 java.base@17.0.1
j  io.quarkus.deployment.steps.ApplicationIndexBuildStep.build(Lio/quarkus/deployment/builditem/ArchiveRootBuildItem;Lio/quarkus/deployment/pkg/builditem/CurateOutcomeBuildItem;Lio/quarkus/deployment/configuration/ClassLoadingConfig;)Lio/quarkus/deployment/builditem/ApplicationIndexBuildItem;+64
v  ~StubRoutines::call_stub
j  jdk.internal.reflect.NativeMethodAccessorImpl.invoke0(Ljava/lang/reflect/Method;Ljava/lang/Object;[Ljava/lang/Object;)Ljava/lang/Object;+0 java.base@17.0.1
j  jdk.internal.reflect.NativeMethodAccessorImpl.invoke(Ljava/lang/Object;[Ljava/lang/Object;)Ljava/lang/Object;+133 java.base@17.0.1
J 936 c1 jdk.internal.reflect.DelegatingMethodAccessorImpl.invoke(Ljava/lang/Object;[Ljava/lang/Object;)Ljava/lang/Object; java.base@17.0.1 (10 bytes) @ 0x000002136d2d747c [0x000002136d2d7420+0x000000000000005c]
J 935 c1 java.lang.reflect.Method.invoke(Ljava/lang/Object;[Ljava/lang/Object;)Ljava/lang/Object; java.base@17.0.1 (65 bytes) @ 0x000002136d2d7884 [0x000002136d2d7760+0x0000000000000124]
j  io.quarkus.deployment.ExtensionLoader$3.execute(Lio/quarkus/builder/BuildContext;)V+265
j  io.quarkus.builder.BuildContext.run()V+70
j  io.quarkus.builder.BuildContext$$Lambda$253+0x0000000800df5aa8.run()V+4
j  org.jboss.threads.ContextHandler$1.runWith(Ljava/lang/Runnable;Ljava/lang/Object;)V+1
j  org.jboss.threads.EnhancedQueueExecutor$Task.run()V+67
j  org.jboss.threads.EnhancedQueueExecutor$ThreadBody.run()V+177
j  java.lang.Thread.run()V+11 java.base@17.0.1
j  org.jboss.threads.JBossThread.run()V+12
v  ~StubRoutines::call_stub

---------------  P R O C E S S  ---------------

Threads class SMR info:
_java_thread_list=0x000002137b1e4e20, length=88, elements={
0x000002136569efc0, 0x00000213772f61b0, 0x00000213772f8b70, 0x0000021377309810,
0x000002137730a1c0, 0x000002137730ab70, 0x000002137730b520, 0x000002137730cee0,
0x000002137730d8d0, 0x00000213772dd430, 0x0000021377d62bf0, 0x0000021377d63510,
0x0000021377d652f0, 0x00000213782fbe60, 0x0000021378302530, 0x0000021378308d40,
0x000002137840fe90, 0x0000021378410360, 0x0000021378410c40, 0x0000021379742ca0,
0x00000213799794e0, 0x0000021379a5e8a0, 0x0000021379a618c0, 0x0000021379a5ed70,
0x0000021379a5df00, 0x0000021379a60580, 0x0000021379a5f710, 0x0000021379a5e3d0,
0x0000021379a5f240, 0x0000021379a600b0, 0x0000021379a60a50, 0x0000021379a60f20,
0x0000021379a613f0, 0x000002137ab15e60, 0x000002137ab14650, 0x000002137ab18010,
0x000002137ab18e80, 0x000002137ab154c0, 0x000002137ab19350, 0x000002137ab171a0,
0x000002137ab15990, 0x000002137ab17670, 0x000002137ab16330, 0x000002137ab19820,
0x000002137ab16800, 0x000002137ab184e0, 0x000002137ab189b0, 0x000002137ab17b40,
0x000002137ab16cd0, 0x000002137ab11fd0, 0x000002137ab124a0, 0x000002137ab14ff0,
0x000002137ab12970, 0x000002137ab12e40, 0x000002137ab13310, 0x000002137ab137e0,
0x000002137ab14180, 0x000002137ab14b20, 0x000002137afc1540, 0x000002137afc1a10,
0x000002137afc2d50, 0x000002137afbe050, 0x000002137afbeec0, 0x000002137afc1070,
0x000002137afbf390, 0x000002137afc3220, 0x000002137afbf860, 0x000002137afbfd30,
0x000002137afbcd10, 0x000002137afbdb80, 0x000002137afc1ee0, 0x000002137afbe520,
0x000002137afc0200, 0x000002137afbb9d0, 0x000002137afbbea0, 0x000002137afc0ba0,
0x000002137afc23b0, 0x000002137afc06d0, 0x000002137afc2880, 0x000002137afbc840,
0x000002137afbd6b0, 0x000002137afbc370, 0x000002137afbd1e0, 0x000002137afbe9f0,
0x000002137ab13cb0, 0x000002137b16b570, 0x000002137b1693c0, 0x000002137b168ef0
}

Java Threads: ( => current thread )
  0x000002136569efc0 JavaThread "main" [_thread_blocked, id=17668, stack(0x0000007ef5000000,0x0000007ef5100000)]
  0x00000213772f61b0 JavaThread "Reference Handler" daemon [_thread_blocked, id=2144, stack(0x0000007ef5700000,0x0000007ef5800000)]
  0x00000213772f8b70 JavaThread "Finalizer" daemon [_thread_blocked, id=9820, stack(0x0000007ef5800000,0x0000007ef5900000)]
  0x0000021377309810 JavaThread "Signal Dispatcher" daemon [_thread_blocked, id=4080, stack(0x0000007ef5900000,0x0000007ef5a00000)]
  0x000002137730a1c0 JavaThread "Attach Listener" daemon [_thread_blocked, id=16740, stack(0x0000007ef5a00000,0x0000007ef5b00000)]
  0x000002137730ab70 JavaThread "Service Thread" daemon [_thread_blocked, id=8840, stack(0x0000007ef5b00000,0x0000007ef5c00000)]
  0x000002137730b520 JavaThread "Monitor Deflation Thread" daemon [_thread_blocked, id=16500, stack(0x0000007ef5c00000,0x0000007ef5d00000)]
  0x000002137730cee0 JavaThread "C1 CompilerThread0" daemon [_thread_blocked, id=16960, stack(0x0000007ef5d00000,0x0000007ef5e00000)]
  0x000002137730d8d0 JavaThread "Sweeper thread" daemon [_thread_blocked, id=4808, stack(0x0000007ef5e00000,0x0000007ef5f00000)]
  0x00000213772dd430 JavaThread "Common-Cleaner" daemon [_thread_blocked, id=516, stack(0x0000007ef5f00000,0x0000007ef6000000)]
  0x0000021377d62bf0 JavaThread "C1 CompilerThread1" daemon [_thread_blocked, id=2340, stack(0x0000007ef6000000,0x0000007ef6100000)]
  0x0000021377d63510 JavaThread "C1 CompilerThread2" daemon [_thread_in_vm, id=8108, stack(0x0000007ef6100000,0x0000007ef6200000)]
  0x0000021377d652f0 JavaThread "C1 CompilerThread3" daemon [_thread_blocked, id=5240, stack(0x0000007ef6200000,0x0000007ef6300000)]
  0x00000213782fbe60 JavaThread "JDWP Transport Listener: dt_socket" daemon [_thread_in_native, id=8752, stack(0x0000007ef6300000,0x0000007ef6400000)]
  0x0000021378302530 JavaThread "JDWP Event Helper Thread" daemon [_thread_blocked, id=2204, stack(0x0000007ef6400000,0x0000007ef6500000)]
  0x0000021378308d40 JavaThread "Notification Thread" daemon [_thread_blocked, id=11556, stack(0x0000007ef6500000,0x0000007ef6600000)]
  0x000002137840fe90 JavaThread "Reference Reaper #1" daemon [_thread_blocked, id=11220, stack(0x0000007ef6700000,0x0000007ef6800000)]
  0x0000021378410360 JavaThread "Reference Reaper #2" daemon [_thread_blocked, id=11096, stack(0x0000007ef6800000,0x0000007ef6900000)]
  0x0000021378410c40 JavaThread "Reference Reaper #3" daemon [_thread_blocked, id=10536, stack(0x0000007ef6900000,0x0000007ef6a00000)]
  0x0000021379742ca0 JavaThread "Quarkus Devmode keep alive thread" [_thread_blocked, id=7916, stack(0x0000007ef7200000,0x0000007ef7300000)]
  0x00000213799794e0 JavaThread "ForkJoinPool.commonPool-worker-1" daemon [_thread_blocked, id=3952, stack(0x0000007ef7300000,0x0000007ef7400000)]
  0x0000021379a5e8a0 JavaThread "build-2" [_thread_blocked, id=12552, stack(0x0000007ef7400000,0x0000007ef7500000)]
  0x0000021379a618c0 JavaThread "build-3" [_thread_blocked, id=12388, stack(0x0000007ef7500000,0x0000007ef7600000)]
  0x0000021379a5ed70 JavaThread "build-4" [_thread_blocked, id=2720, stack(0x0000007ef7600000,0x0000007ef7700000)]
=>0x0000021379a5df00 JavaThread "build-5" [_thread_in_vm, id=8460, stack(0x0000007ef7700000,0x0000007ef7800000)]
  0x0000021379a60580 JavaThread "build-6" [_thread_blocked, id=14832, stack(0x0000007ef7800000,0x0000007ef7900000)]
  0x0000021379a5f710 JavaThread "build-7" [_thread_in_vm, id=5888, stack(0x0000007ef7900000,0x0000007ef7a00000)]
  0x0000021379a5e3d0 JavaThread "build-8" [_thread_blocked, id=15136, stack(0x0000007ef7a00000,0x0000007ef7b00000)]
  0x0000021379a5f240 JavaThread "build-9" [_thread_blocked, id=4156, stack(0x0000007ef7b00000,0x0000007ef7c00000)]
  0x0000021379a600b0 JavaThread "build-10" [_thread_blocked, id=15820, stack(0x0000007ef7c00000,0x0000007ef7d00000)]
  0x0000021379a60a50 JavaThread "build-11" [_thread_blocked, id=1748, stack(0x0000007ef7d00000,0x0000007ef7e00000)]
  0x0000021379a60f20 JavaThread "build-12" [_thread_blocked, id=4256, stack(0x0000007ef7e00000,0x0000007ef7f00000)]
  0x0000021379a613f0 JavaThread "build-13" [_thread_blocked, id=8080, stack(0x0000007ef7f00000,0x0000007ef8000000)]
  0x000002137ab15e60 JavaThread "build-14" [_thread_in_vm, id=2016, stack(0x0000007ef8000000,0x0000007ef8100000)]
  0x000002137ab14650 JavaThread "build-15" [_thread_blocked, id=17852, stack(0x0000007ef8100000,0x0000007ef8200000)]
  0x000002137ab18010 JavaThread "build-16" [_thread_blocked, id=8388, stack(0x0000007ef8200000,0x0000007ef8300000)]
  0x000002137ab18e80 JavaThread "build-17" [_thread_blocked, id=1636, stack(0x0000007ef8300000,0x0000007ef8400000)]
  0x000002137ab154c0 JavaThread "build-18" [_thread_blocked, id=16780, stack(0x0000007ef8400000,0x0000007ef8500000)]
  0x000002137ab19350 JavaThread "build-19" [_thread_blocked, id=5800, stack(0x0000007ef8500000,0x0000007ef8600000)]
  0x000002137ab171a0 JavaThread "build-20" [_thread_blocked, id=14396, stack(0x0000007ef8600000,0x0000007ef8700000)]
  0x000002137ab15990 JavaThread "build-21" [_thread_in_vm, id=18428, stack(0x0000007ef8700000,0x0000007ef8800000)]
  0x000002137ab17670 JavaThread "build-22" [_thread_blocked, id=9672, stack(0x0000007ef8800000,0x0000007ef8900000)]
  0x000002137ab16330 JavaThread "build-23" [_thread_blocked, id=14604, stack(0x0000007ef8900000,0x0000007ef8a00000)]
  0x000002137ab19820 JavaThread "build-24" [_thread_blocked, id=7988, stack(0x0000007ef8a00000,0x0000007ef8b00000)]
  0x000002137ab16800 JavaThread "build-25" [_thread_blocked, id=9864, stack(0x0000007ef8b00000,0x0000007ef8c00000)]
  0x000002137ab184e0 JavaThread "build-26" [_thread_blocked, id=3368, stack(0x0000007ef8c00000,0x0000007ef8d00000)]
  0x000002137ab189b0 JavaThread "build-27" [_thread_blocked, id=5896, stack(0x0000007ef8d00000,0x0000007ef8e00000)]
  0x000002137ab17b40 JavaThread "build-28" [_thread_blocked, id=772, stack(0x0000007ef8e00000,0x0000007ef8f00000)]
  0x000002137ab16cd0 JavaThread "build-29" [_thread_blocked, id=7720, stack(0x0000007ef8f00000,0x0000007ef9000000)]
  0x000002137ab11fd0 JavaThread "build-30" [_thread_blocked, id=14564, stack(0x0000007ef9000000,0x0000007ef9100000)]
  0x000002137ab124a0 JavaThread "build-31" [_thread_blocked, id=16660, stack(0x0000007ef9100000,0x0000007ef9200000)]
  0x000002137ab14ff0 JavaThread "build-32" [_thread_blocked, id=8964, stack(0x0000007ef9200000,0x0000007ef9300000)]
  0x000002137ab12970 JavaThread "build-33" [_thread_blocked, id=3544, stack(0x0000007ef9300000,0x0000007ef9400000)]
  0x000002137ab12e40 JavaThread "build-34" [_thread_blocked, id=6512, stack(0x0000007ef9400000,0x0000007ef9500000)]
  0x000002137ab13310 JavaThread "build-35" [_thread_blocked, id=9140, stack(0x0000007ef9500000,0x0000007ef9600000)]
  0x000002137ab137e0 JavaThread "build-36" [_thread_blocked, id=14288, stack(0x0000007ef9600000,0x0000007ef9700000)]
  0x000002137ab14180 JavaThread "build-37" [_thread_blocked, id=12084, stack(0x0000007ef9700000,0x0000007ef9800000)]
  0x000002137ab14b20 JavaThread "build-38" [_thread_blocked, id=18276, stack(0x0000007ef9800000,0x0000007ef9900000)]
  0x000002137afc1540 JavaThread "build-39" [_thread_blocked, id=16940, stack(0x0000007ef9900000,0x0000007ef9a00000)]
  0x000002137afc1a10 JavaThread "build-40" [_thread_blocked, id=548, stack(0x0000007ef9a00000,0x0000007ef9b00000)]
  0x000002137afc2d50 JavaThread "build-41" [_thread_blocked, id=18052, stack(0x0000007ef9b00000,0x0000007ef9c00000)]
  0x000002137afbe050 JavaThread "build-42" [_thread_blocked, id=17460, stack(0x0000007ef9c00000,0x0000007ef9d00000)]
  0x000002137afbeec0 JavaThread "build-43" [_thread_in_vm, id=14488, stack(0x0000007ef9d00000,0x0000007ef9e00000)]
  0x000002137afc1070 JavaThread "build-44" [_thread_blocked, id=18268, stack(0x0000007ef9e00000,0x0000007ef9f00000)]
  0x000002137afbf390 JavaThread "build-45" [_thread_blocked, id=16296, stack(0x0000007ef9f00000,0x0000007efa000000)]
  0x000002137afc3220 JavaThread "build-46" [_thread_blocked, id=16544, stack(0x0000007efa000000,0x0000007efa100000)]
  0x000002137afbf860 JavaThread "build-47" [_thread_blocked, id=9688, stack(0x0000007efa100000,0x0000007efa200000)]
  0x000002137afbfd30 JavaThread "build-48" [_thread_blocked, id=7044, stack(0x0000007efa200000,0x0000007efa300000)]
  0x000002137afbcd10 JavaThread "build-49" [_thread_blocked, id=17072, stack(0x0000007efa300000,0x0000007efa400000)]
  0x000002137afbdb80 JavaThread "build-50" [_thread_blocked, id=2696, stack(0x0000007efa400000,0x0000007efa500000)]
  0x000002137afc1ee0 JavaThread "build-51" [_thread_blocked, id=11916, stack(0x0000007efa500000,0x0000007efa600000)]
  0x000002137afbe520 JavaThread "build-52" [_thread_blocked, id=11060, stack(0x0000007efa600000,0x0000007efa700000)]
  0x000002137afc0200 JavaThread "build-53" [_thread_blocked, id=16552, stack(0x0000007efa700000,0x0000007efa800000)]
  0x000002137afbb9d0 JavaThread "build-54" [_thread_blocked, id=11804, stack(0x0000007efa800000,0x0000007efa900000)]
  0x000002137afbbea0 JavaThread "build-55" [_thread_blocked, id=6880, stack(0x0000007efa900000,0x0000007efaa00000)]
  0x000002137afc0ba0 JavaThread "build-56" [_thread_blocked, id=3792, stack(0x0000007efaa00000,0x0000007efab00000)]
  0x000002137afc23b0 JavaThread "build-57" [_thread_in_vm, id=2748, stack(0x0000007efab00000,0x0000007efac00000)]
  0x000002137afc06d0 JavaThread "build-58" [_thread_blocked, id=11480, stack(0x0000007efac00000,0x0000007efad00000)]
  0x000002137afc2880 JavaThread "build-59" [_thread_blocked, id=5020, stack(0x0000007efad00000,0x0000007efae00000)]
  0x000002137afbc840 JavaThread "build-60" [_thread_blocked, id=2444, stack(0x0000007efae00000,0x0000007efaf00000)]
  0x000002137afbd6b0 JavaThread "build-61" [_thread_blocked, id=8520, stack(0x0000007efaf00000,0x0000007efb000000)]
  0x000002137afbc370 JavaThread "build-62" [_thread_blocked, id=4044, stack(0x0000007efb000000,0x0000007efb100000)]
  0x000002137afbd1e0 JavaThread "build-63" [_thread_blocked, id=1628, stack(0x0000007efb100000,0x0000007efb200000)]
  0x000002137afbe9f0 JavaThread "build-64" [_thread_blocked, id=4064, stack(0x0000007efb200000,0x0000007efb300000)]
  0x000002137ab13cb0 JavaThread "build-65" [_thread_blocked, id=284, stack(0x0000007efb300000,0x0000007efb400000)]
  0x000002137b16b570 JavaThread "build-66" [_thread_blocked, id=15864, stack(0x0000007efb400000,0x0000007efb500000)]
  0x000002137b1693c0 JavaThread "build-67" [_thread_blocked, id=16868, stack(0x0000007efb500000,0x0000007efb600000)]
  0x000002137b168ef0 JavaThread "mysql-cj-abandoned-connection-cleanup" daemon [_thread_blocked, id=8852, stack(0x0000007efb600000,0x0000007efb700000)]

Other Threads:
  0x00000213772f1410 VMThread "VM Thread" [stack: 0x0000007ef5600000,0x0000007ef5700000] [id=2640]
  0x000002136570eba0 WatcherThread [stack: 0x0000007ef6600000,0x0000007ef6700000] [id=14968]
  0x00000213656de490 GCTaskThread "GC Thread#0" [stack: 0x0000007ef5100000,0x0000007ef5200000] [id=17896]
  0x000002137858f550 GCTaskThread "GC Thread#1" [stack: 0x0000007ef6a00000,0x0000007ef6b00000] [id=13792]
  0x00000213785b0cd0 GCTaskThread "GC Thread#2" [stack: 0x0000007ef6b00000,0x0000007ef6c00000] [id=16308]
  0x000002137859caa0 GCTaskThread "GC Thread#3" [stack: 0x0000007ef6c00000,0x0000007ef6d00000] [id=3104]
  0x00000213785b9790 GCTaskThread "GC Thread#4" [stack: 0x0000007ef6d00000,0x0000007ef6e00000] [id=16688]
  0x00000213785b9a40 GCTaskThread "GC Thread#5" [stack: 0x0000007ef6e00000,0x0000007ef6f00000] [id=3772]
  0x00000213785c8390 GCTaskThread "GC Thread#6" [stack: 0x0000007ef7100000,0x0000007ef7200000] [id=14292]
  0x0000021379c12840 GCTaskThread "GC Thread#7" [stack: 0x0000007efb700000,0x0000007efb800000] [id=11240]
  0x00000213656ef8e0 ConcurrentGCThread "G1 Main Marker" [stack: 0x0000007ef5200000,0x0000007ef5300000] [id=15484]
  0x00000213656f02f0 ConcurrentGCThread "G1 Conc#0" [stack: 0x0000007ef5300000,0x0000007ef5400000] [id=15592]
  0x000002136576f500 ConcurrentGCThread "G1 Refine#0" [stack: 0x0000007ef5400000,0x0000007ef5500000] [id=15412]
  0x0000021378598ba0 ConcurrentGCThread "G1 Refine#1" [stack: 0x0000007ef6f00000,0x0000007ef7000000] [id=17284]
  0x0000021377e9e5c0 ConcurrentGCThread "G1 Refine#2" [stack: 0x0000007ef7000000,0x0000007ef7100000] [id=11680]
  0x000002137b26a700 ConcurrentGCThread "G1 Refine#3" [stack: 0x0000007efb800000,0x0000007efb900000] [id=9948]
  0x000002137b26b560 ConcurrentGCThread "G1 Refine#4" [stack: 0x0000007efb900000,0x0000007efba00000] [id=512]
  0x000002137b26b840 ConcurrentGCThread "G1 Refine#5" [stack: 0x0000007efba00000,0x0000007efbb00000] [id=17920]
  0x00000213657730e0 ConcurrentGCThread "G1 Service" [stack: 0x0000007ef5500000,0x0000007ef5600000] [id=1672]

Threads with active compile tasks:
C1 CompilerThread0     2991 3409       1       org.objectweb.asm.MethodWriter::putMethodInfo (1274 bytes)
C1 CompilerThread2     2991 3407       1       org.objectweb.asm.MethodWriter::computeMethodInfoSize (571 bytes)

VM state: not at safepoint (normal execution)

VM Mutex/Monitor currently owned by a thread:  ([mutex/lock_event])
[0x0000021365699fe0] Metaspace_lock - owner thread: 0x0000021379a5df00
[0x000002136569bd70] MultiArray_lock - owner thread: 0x0000021377d63510

Heap address: 0x0000000085800000, size: 1960 MB, Compressed Oops mode: 32-bit

CDS archive(s) mapped at: [0x0000000800000000-0x0000000800bc0000-0x0000000800bc0000), size 12320768, SharedBaseAddress: 0x0000000800000000, ArchiveRelocationMode: 0.
Compressed class space mapped at: 0x0000000800c00000-0x0000000840c00000, reserved size: 1073741824
Narrow klass base: 0x0000000800000000, Narrow klass shift: 0, Narrow klass range: 0x100000000

GC Precious Log:
 CPUs: 8 total, 8 available
 Memory: 7834M
 Large Page Support: Disabled
 NUMA Support: Disabled
 Compressed Oops: Enabled (32-bit)
 Heap Region Size: 1M
 Heap Min Capacity: 8M
 Heap Initial Capacity: 124M
 Heap Max Capacity: 1960M
 Pre-touch: Disabled
 Parallel Workers: 8
 Concurrent Workers: 2
 Concurrent Refinement Workers: 8
 Periodic GC: Disabled

Heap:
 garbage-first heap   total 278528K, used 60513K [0x0000000085800000, 0x0000000100000000)
  region size 1024K, 30 young (30720K), 21 survivors (21504K)
 Metaspace       used 18559K, committed 18816K, reserved 1073152K
  class space    used 2543K, committed 2688K, reserved 1048576K

Heap Regions: E=young(eden), S=young(survivor), O=old, HS=humongous(starts), HC=humongous(continues), CS=collection set, F=free, OA=open archive, CA=closed archive, TAMS=top-at-mark-start (previous, next)
|   0|0x0000000085800000, 0x0000000085900000, 0x0000000085900000|100%|HS|  |TAMS 0x0000000085800000, 0x0000000085800000| Complete 
|   1|0x0000000085900000, 0x0000000085a00000, 0x0000000085a00000|100%| O|  |TAMS 0x0000000085900000, 0x0000000085900000| Untracked 
|   2|0x0000000085a00000, 0x0000000085b00000, 0x0000000085b00000|100%| O|  |TAMS 0x0000000085a00000, 0x0000000085a00000| Untracked 
|   3|0x0000000085b00000, 0x0000000085c00000, 0x0000000085c00000|100%| O|  |TAMS 0x0000000085b00000, 0x0000000085b00000| Untracked 
|   4|0x0000000085c00000, 0x0000000085d00000, 0x0000000085d00000|100%| O|  |TAMS 0x0000000085c00000, 0x0000000085c00000| Untracked 
|   5|0x0000000085d00000, 0x0000000085e00000, 0x0000000085e00000|100%| O|  |TAMS 0x0000000085d00000, 0x0000000085d00000| Untracked 
|   6|0x0000000085e00000, 0x0000000085f00000, 0x0000000085f00000|100%| O|  |TAMS 0x0000000085e00000, 0x0000000085e00000| Untracked 
|   7|0x0000000085f00000, 0x0000000086000000, 0x0000000086000000|100%|HS|  |TAMS 0x0000000085f00000, 0x0000000085f00000| Complete 
|   8|0x0000000086000000, 0x0000000086100000, 0x0000000086100000|100%|HC|  |TAMS 0x0000000086000000, 0x0000000086000000| Complete 
|   9|0x0000000086100000, 0x0000000086200000, 0x0000000086200000|100%| O|  |TAMS 0x0000000086100000, 0x0000000086100000| Untracked 
|  10|0x0000000086200000, 0x0000000086300000, 0x0000000086300000|100%| O|  |TAMS 0x0000000086200000, 0x0000000086200000| Untracked 
|  11|0x0000000086300000, 0x0000000086400000, 0x0000000086400000|100%| O|  |TAMS 0x0000000086300000, 0x0000000086300000| Untracked 
|  12|0x0000000086400000, 0x0000000086500000, 0x0000000086500000|100%| O|  |TAMS 0x0000000086400000, 0x0000000086400000| Untracked 
|  13|0x0000000086500000, 0x0000000086600000, 0x0000000086600000|100%| O|  |TAMS 0x0000000086500000, 0x0000000086500000| Untracked 
|  14|0x0000000086600000, 0x0000000086700000, 0x0000000086700000|100%| O|  |TAMS 0x0000000086600000, 0x0000000086600000| Untracked 
|  15|0x0000000086700000, 0x0000000086800000, 0x0000000086800000|100%| O|  |TAMS 0x0000000086700000, 0x0000000086700000| Untracked 
|  16|0x0000000086800000, 0x0000000086900000, 0x0000000086900000|100%| O|  |TAMS 0x0000000086800000, 0x0000000086800000| Untracked 
|  17|0x0000000086900000, 0x0000000086a00000, 0x0000000086a00000|100%| O|  |TAMS 0x0000000086900000, 0x0000000086900000| Untracked 
|  18|0x0000000086a00000, 0x0000000086b00000, 0x0000000086b00000|100%| O|  |TAMS 0x0000000086a00000, 0x0000000086a00000| Untracked 
|  19|0x0000000086b00000, 0x0000000086c00000, 0x0000000086c00000|100%| O|  |TAMS 0x0000000086b00000, 0x0000000086b00000| Untracked 
|  20|0x0000000086c00000, 0x0000000086d00000, 0x0000000086d00000|100%| O|  |TAMS 0x0000000086c00000, 0x0000000086c00000| Untracked 
|  21|0x0000000086d00000, 0x0000000086e00000, 0x0000000086e00000|100%| O|  |TAMS 0x0000000086d00000, 0x0000000086d00000| Untracked 
|  22|0x0000000086e00000, 0x0000000086f00000, 0x0000000086f00000|100%| O|  |TAMS 0x0000000086e00000, 0x0000000086e00000| Untracked 
|  23|0x0000000086f00000, 0x0000000087000000, 0x0000000087000000|100%|HS|  |TAMS 0x0000000086f00000, 0x0000000086f00000| Complete 
|  24|0x0000000087000000, 0x0000000087100000, 0x0000000087100000|100%|HS|  |TAMS 0x0000000087000000, 0x0000000087000000| Complete 
|  25|0x0000000087100000, 0x0000000087200000, 0x0000000087200000|100%| O|  |TAMS 0x0000000087100000, 0x0000000087100000| Untracked 
|  26|0x0000000087200000, 0x0000000087300000, 0x0000000087300000|100%| O|  |TAMS 0x0000000087200000, 0x0000000087200000| Untracked 
|  27|0x0000000087300000, 0x0000000087400000, 0x0000000087400000|100%| O|  |TAMS 0x0000000087300000, 0x0000000087300000| Untracked 
|  28|0x0000000087400000, 0x0000000087500000, 0x0000000087500000|100%| O|  |TAMS 0x0000000087400000, 0x0000000087400000| Untracked 
|  29|0x0000000087500000, 0x0000000087600000, 0x0000000087600000|100%| O|  |TAMS 0x0000000087500000, 0x0000000087500000| Untracked 
|  30|0x0000000087600000, 0x0000000087618600, 0x0000000087700000|  9%| O|  |TAMS 0x0000000087600000, 0x0000000087600000| Untracked 
|  31|0x0000000087700000, 0x0000000087700000, 0x0000000087800000|  0%| F|  |TAMS 0x0000000087700000, 0x0000000087700000| Untracked 
|  32|0x0000000087800000, 0x0000000087800000, 0x0000000087900000|  0%| F|  |TAMS 0x0000000087800000, 0x0000000087800000| Untracked 
|  33|0x0000000087900000, 0x0000000087900000, 0x0000000087a00000|  0%| F|  |TAMS 0x0000000087900000, 0x0000000087900000| Untracked 
|  34|0x0000000087a00000, 0x0000000087a00000, 0x0000000087b00000|  0%| F|  |TAMS 0x0000000087a00000, 0x0000000087a00000| Untracked 
|  35|0x0000000087b00000, 0x0000000087b00000, 0x0000000087c00000|  0%| F|  |TAMS 0x0000000087b00000, 0x0000000087b00000| Untracked 
|  36|0x0000000087c00000, 0x0000000087c00000, 0x0000000087d00000|  0%| F|  |TAMS 0x0000000087c00000, 0x0000000087c00000| Untracked 
|  37|0x0000000087d00000, 0x0000000087d00000, 0x0000000087e00000|  0%| F|  |TAMS 0x0000000087d00000, 0x0000000087d00000| Untracked 
|  38|0x0000000087e00000, 0x0000000087e00000, 0x0000000087f00000|  0%| F|  |TAMS 0x0000000087e00000, 0x0000000087e00000| Untracked 
|  39|0x0000000087f00000, 0x0000000087f00000, 0x0000000088000000|  0%| F|  |TAMS 0x0000000087f00000, 0x0000000087f00000| Untracked 
|  40|0x0000000088000000, 0x0000000088000000, 0x0000000088100000|  0%| F|  |TAMS 0x0000000088000000, 0x0000000088000000| Untracked 
|  41|0x0000000088100000, 0x0000000088100000, 0x0000000088200000|  0%| F|  |TAMS 0x0000000088100000, 0x0000000088100000| Untracked 
|  42|0x0000000088200000, 0x0000000088200000, 0x0000000088300000|  0%| F|  |TAMS 0x0000000088200000, 0x0000000088200000| Untracked 
|  43|0x0000000088300000, 0x0000000088300000, 0x0000000088400000|  0%| F|  |TAMS 0x0000000088300000, 0x0000000088300000| Untracked 
|  44|0x0000000088400000, 0x0000000088400000, 0x0000000088500000|  0%| F|  |TAMS 0x0000000088400000, 0x0000000088400000| Untracked 
|  45|0x0000000088500000, 0x0000000088500000, 0x0000000088600000|  0%| F|  |TAMS 0x0000000088500000, 0x0000000088500000| Untracked 
|  46|0x0000000088600000, 0x0000000088600000, 0x0000000088700000|  0%| F|  |TAMS 0x0000000088600000, 0x0000000088600000| Untracked 
|  47|0x0000000088700000, 0x0000000088700000, 0x0000000088800000|  0%| F|  |TAMS 0x0000000088700000, 0x0000000088700000| Untracked 
|  48|0x0000000088800000, 0x0000000088800000, 0x0000000088900000|  0%| F|  |TAMS 0x0000000088800000, 0x0000000088800000| Untracked 
|  49|0x0000000088900000, 0x0000000088900000, 0x0000000088a00000|  0%| F|  |TAMS 0x0000000088900000, 0x0000000088900000| Untracked 
|  50|0x0000000088a00000, 0x0000000088a00000, 0x0000000088b00000|  0%| F|  |TAMS 0x0000000088a00000, 0x0000000088a00000| Untracked 
|  51|0x0000000088b00000, 0x0000000088b00000, 0x0000000088c00000|  0%| F|  |TAMS 0x0000000088b00000, 0x0000000088b00000| Untracked 
|  52|0x0000000088c00000, 0x0000000088c00000, 0x0000000088d00000|  0%| F|  |TAMS 0x0000000088c00000, 0x0000000088c00000| Untracked 
|  53|0x0000000088d00000, 0x0000000088d00000, 0x0000000088e00000|  0%| F|  |TAMS 0x0000000088d00000, 0x0000000088d00000| Untracked 
|  54|0x0000000088e00000, 0x0000000088e00000, 0x0000000088f00000|  0%| F|  |TAMS 0x0000000088e00000, 0x0000000088e00000| Untracked 
|  55|0x0000000088f00000, 0x0000000088f00000, 0x0000000089000000|  0%| F|  |TAMS 0x0000000088f00000, 0x0000000088f00000| Untracked 
|  56|0x0000000089000000, 0x0000000089000000, 0x0000000089100000|  0%| F|  |TAMS 0x0000000089000000, 0x0000000089000000| Untracked 
|  57|0x0000000089100000, 0x0000000089100000, 0x0000000089200000|  0%| F|  |TAMS 0x0000000089100000, 0x0000000089100000| Untracked 
|  58|0x0000000089200000, 0x0000000089200000, 0x0000000089300000|  0%| F|  |TAMS 0x0000000089200000, 0x0000000089200000| Untracked 
|  59|0x0000000089300000, 0x0000000089300000, 0x0000000089400000|  0%| F|  |TAMS 0x0000000089300000, 0x0000000089300000| Untracked 
|  60|0x0000000089400000, 0x0000000089400000, 0x0000000089500000|  0%| F|  |TAMS 0x0000000089400000, 0x0000000089400000| Untracked 
|  61|0x0000000089500000, 0x0000000089500000, 0x0000000089600000|  0%| F|  |TAMS 0x0000000089500000, 0x0000000089500000| Untracked 
|  62|0x0000000089600000, 0x0000000089600000, 0x0000000089700000|  0%| F|  |TAMS 0x0000000089600000, 0x0000000089600000| Untracked 
|  63|0x0000000089700000, 0x0000000089700000, 0x0000000089800000|  0%| F|  |TAMS 0x0000000089700000, 0x0000000089700000| Untracked 
|  64|0x0000000089800000, 0x0000000089800000, 0x0000000089900000|  0%| F|  |TAMS 0x0000000089800000, 0x0000000089800000| Untracked 
|  65|0x0000000089900000, 0x0000000089900000, 0x0000000089a00000|  0%| F|  |TAMS 0x0000000089900000, 0x0000000089900000| Untracked 
|  66|0x0000000089a00000, 0x0000000089a00000, 0x0000000089b00000|  0%| F|  |TAMS 0x0000000089a00000, 0x0000000089a00000| Untracked 
|  67|0x0000000089b00000, 0x0000000089b00000, 0x0000000089c00000|  0%| F|  |TAMS 0x0000000089b00000, 0x0000000089b00000| Untracked 
|  68|0x0000000089c00000, 0x0000000089c00000, 0x0000000089d00000|  0%| F|  |TAMS 0x0000000089c00000, 0x0000000089c00000| Untracked 
|  69|0x0000000089d00000, 0x0000000089d00000, 0x0000000089e00000|  0%| F|  |TAMS 0x0000000089d00000, 0x0000000089d00000| Untracked 
|  70|0x0000000089e00000, 0x0000000089e00000, 0x0000000089f00000|  0%| F|  |TAMS 0x0000000089e00000, 0x0000000089e00000| Untracked 
|  71|0x0000000089f00000, 0x0000000089f00000, 0x000000008a000000|  0%| F|  |TAMS 0x0000000089f00000, 0x0000000089f00000| Untracked 
|  72|0x000000008a000000, 0x000000008a000000, 0x000000008a100000|  0%| F|  |TAMS 0x000000008a000000, 0x000000008a000000| Untracked 
|  73|0x000000008a100000, 0x000000008a100000, 0x000000008a200000|  0%| F|  |TAMS 0x000000008a100000, 0x000000008a100000| Untracked 
|  74|0x000000008a200000, 0x000000008a200000, 0x000000008a300000|  0%| F|  |TAMS 0x000000008a200000, 0x000000008a200000| Untracked 
|  75|0x000000008a300000, 0x000000008a300000, 0x000000008a400000|  0%| F|  |TAMS 0x000000008a300000, 0x000000008a300000| Untracked 
|  76|0x000000008a400000, 0x000000008a400000, 0x000000008a500000|  0%| F|  |TAMS 0x000000008a400000, 0x000000008a400000| Untracked 
|  77|0x000000008a500000, 0x000000008a500000, 0x000000008a600000|  0%| F|  |TAMS 0x000000008a500000, 0x000000008a500000| Untracked 
|  78|0x000000008a600000, 0x000000008a600000, 0x000000008a700000|  0%| F|  |TAMS 0x000000008a600000, 0x000000008a600000| Untracked 
|  79|0x000000008a700000, 0x000000008a700000, 0x000000008a800000|  0%| F|  |TAMS 0x000000008a700000, 0x000000008a700000| Untracked 
|  80|0x000000008a800000, 0x000000008a800000, 0x000000008a900000|  0%| F|  |TAMS 0x000000008a800000, 0x000000008a800000| Untracked 
|  81|0x000000008a900000, 0x000000008a900000, 0x000000008aa00000|  0%| F|  |TAMS 0x000000008a900000, 0x000000008a900000| Untracked 
|  82|0x000000008aa00000, 0x000000008aa00000, 0x000000008ab00000|  0%| F|  |TAMS 0x000000008aa00000, 0x000000008aa00000| Untracked 
|  83|0x000000008ab00000, 0x000000008ab00000, 0x000000008ac00000|  0%| F|  |TAMS 0x000000008ab00000, 0x000000008ab00000| Untracked 
|  84|0x000000008ac00000, 0x000000008ac00000, 0x000000008ad00000|  0%| F|  |TAMS 0x000000008ac00000, 0x000000008ac00000| Untracked 
|  85|0x000000008ad00000, 0x000000008ad00000, 0x000000008ae00000|  0%| F|  |TAMS 0x000000008ad00000, 0x000000008ad00000| Untracked 
|  86|0x000000008ae00000, 0x000000008ae00000, 0x000000008af00000|  0%| F|  |TAMS 0x000000008ae00000, 0x000000008ae00000| Untracked 
|  87|0x000000008af00000, 0x000000008af00000, 0x000000008b000000|  0%| F|  |TAMS 0x000000008af00000, 0x000000008af00000| Untracked 
|  88|0x000000008b000000, 0x000000008b000000, 0x000000008b100000|  0%| F|  |TAMS 0x000000008b000000, 0x000000008b000000| Untracked 
|  89|0x000000008b100000, 0x000000008b100000, 0x000000008b200000|  0%| F|  |TAMS 0x000000008b100000, 0x000000008b100000| Untracked 
|  90|0x000000008b200000, 0x000000008b200000, 0x000000008b300000|  0%| F|  |TAMS 0x000000008b200000, 0x000000008b200000| Untracked 
|  91|0x000000008b300000, 0x000000008b300000, 0x000000008b400000|  0%| F|  |TAMS 0x000000008b300000, 0x000000008b300000| Untracked 
|  92|0x000000008b400000, 0x000000008b400000, 0x000000008b500000|  0%| F|  |TAMS 0x000000008b400000, 0x000000008b400000| Untracked 
|  93|0x000000008b500000, 0x000000008b500000, 0x000000008b600000|  0%| F|  |TAMS 0x000000008b500000, 0x000000008b500000| Untracked 
|  94|0x000000008b600000, 0x000000008b600000, 0x000000008b700000|  0%| F|  |TAMS 0x000000008b600000, 0x000000008b600000| Untracked 
|  95|0x000000008b700000, 0x000000008b800000, 0x000000008b800000|100%| S|CS|TAMS 0x000000008b700000, 0x000000008b700000| Complete 
|  96|0x000000008b800000, 0x000000008b900000, 0x000000008b900000|100%| S|CS|TAMS 0x000000008b800000, 0x000000008b800000| Complete 
|  97|0x000000008b900000, 0x000000008ba00000, 0x000000008ba00000|100%| S|CS|TAMS 0x000000008b900000, 0x000000008b900000| Complete 
|  98|0x000000008ba00000, 0x000000008bb00000, 0x000000008bb00000|100%| S|CS|TAMS 0x000000008ba00000, 0x000000008ba00000| Complete 
|  99|0x000000008bb00000, 0x000000008bc00000, 0x000000008bc00000|100%| S|CS|TAMS 0x000000008bb00000, 0x000000008bb00000| Complete 
| 100|0x000000008bc00000, 0x000000008bd00000, 0x000000008bd00000|100%| S|CS|TAMS 0x000000008bc00000, 0x000000008bc00000| Complete 
| 101|0x000000008bd00000, 0x000000008be00000, 0x000000008be00000|100%| S|CS|TAMS 0x000000008bd00000, 0x000000008bd00000| Complete 
| 102|0x000000008be00000, 0x000000008bf00000, 0x000000008bf00000|100%| S|CS|TAMS 0x000000008be00000, 0x000000008be00000| Complete 
| 103|0x000000008bf00000, 0x000000008c000000, 0x000000008c000000|100%| S|CS|TAMS 0x000000008bf00000, 0x000000008bf00000| Complete 
| 104|0x000000008c000000, 0x000000008c100000, 0x000000008c100000|100%| S|CS|TAMS 0x000000008c000000, 0x000000008c000000| Complete 
| 105|0x000000008c100000, 0x000000008c200000, 0x000000008c200000|100%| S|CS|TAMS 0x000000008c100000, 0x000000008c100000| Complete 
| 106|0x000000008c200000, 0x000000008c300000, 0x000000008c300000|100%| S|CS|TAMS 0x000000008c200000, 0x000000008c200000| Complete 
| 107|0x000000008c300000, 0x000000008c400000, 0x000000008c400000|100%| S|CS|TAMS 0x000000008c300000, 0x000000008c300000| Complete 
| 108|0x000000008c400000, 0x000000008c500000, 0x000000008c500000|100%| S|CS|TAMS 0x000000008c400000, 0x000000008c400000| Complete 
| 109|0x000000008c500000, 0x000000008c600000, 0x000000008c600000|100%| S|CS|TAMS 0x000000008c500000, 0x000000008c500000| Complete 
| 110|0x000000008c600000, 0x000000008c700000, 0x000000008c700000|100%| S|CS|TAMS 0x000000008c600000, 0x000000008c600000| Complete 
| 111|0x000000008c700000, 0x000000008c800000, 0x000000008c800000|100%| S|CS|TAMS 0x000000008c700000, 0x000000008c700000| Complete 
| 112|0x000000008c800000, 0x000000008c900000, 0x000000008c900000|100%| S|CS|TAMS 0x000000008c800000, 0x000000008c800000| Complete 
| 113|0x000000008c900000, 0x000000008ca00000, 0x000000008ca00000|100%| S|CS|TAMS 0x000000008c900000, 0x000000008c900000| Complete 
| 114|0x000000008ca00000, 0x000000008cb00000, 0x000000008cb00000|100%| S|CS|TAMS 0x000000008ca00000, 0x000000008ca00000| Complete 
| 115|0x000000008cb00000, 0x000000008cc00000, 0x000000008cc00000|100%| S|CS|TAMS 0x000000008cb00000, 0x000000008cb00000| Complete 
| 116|0x000000008cc00000, 0x000000008cc00000, 0x000000008cd00000|  0%| F|  |TAMS 0x000000008cc00000, 0x000000008cc00000| Untracked 
| 117|0x000000008cd00000, 0x000000008cd00000, 0x000000008ce00000|  0%| F|  |TAMS 0x000000008cd00000, 0x000000008cd00000| Untracked 
| 118|0x000000008ce00000, 0x000000008ce00000, 0x000000008cf00000|  0%| F|  |TAMS 0x000000008ce00000, 0x000000008ce00000| Untracked 
| 119|0x000000008cf00000, 0x000000008cf00000, 0x000000008d000000|  0%| F|  |TAMS 0x000000008cf00000, 0x000000008cf00000| Untracked 
| 120|0x000000008d000000, 0x000000008d000000, 0x000000008d100000|  0%| F|  |TAMS 0x000000008d000000, 0x000000008d000000| Untracked 
| 121|0x000000008d100000, 0x000000008d100000, 0x000000008d200000|  0%| F|  |TAMS 0x000000008d100000, 0x000000008d100000| Untracked 
| 122|0x000000008d200000, 0x000000008d200000, 0x000000008d300000|  0%| F|  |TAMS 0x000000008d200000, 0x000000008d200000| Untracked 
| 123|0x000000008d300000, 0x000000008d300000, 0x000000008d400000|  0%| F|  |TAMS 0x000000008d300000, 0x000000008d300000| Untracked 
| 124|0x000000008d400000, 0x000000008d400000, 0x000000008d500000|  0%| F|  |TAMS 0x000000008d400000, 0x000000008d400000| Untracked 
| 125|0x000000008d500000, 0x000000008d500000, 0x000000008d600000|  0%| F|  |TAMS 0x000000008d500000, 0x000000008d500000| Untracked 
| 126|0x000000008d600000, 0x000000008d600000, 0x000000008d700000|  0%| F|  |TAMS 0x000000008d600000, 0x000000008d600000| Untracked 
| 127|0x000000008d700000, 0x000000008d700000, 0x000000008d800000|  0%| F|  |TAMS 0x000000008d700000, 0x000000008d700000| Untracked 
| 128|0x000000008d800000, 0x000000008d800000, 0x000000008d900000|  0%| F|  |TAMS 0x000000008d800000, 0x000000008d800000| Untracked 
| 129|0x000000008d900000, 0x000000008d900000, 0x000000008da00000|  0%| F|  |TAMS 0x000000008d900000, 0x000000008d900000| Untracked 
| 130|0x000000008da00000, 0x000000008da00000, 0x000000008db00000|  0%| F|  |TAMS 0x000000008da00000, 0x000000008da00000| Untracked 
| 131|0x000000008db00000, 0x000000008db00000, 0x000000008dc00000|  0%| F|  |TAMS 0x000000008db00000, 0x000000008db00000| Untracked 
| 132|0x000000008dc00000, 0x000000008dc00000, 0x000000008dd00000|  0%| F|  |TAMS 0x000000008dc00000, 0x000000008dc00000| Untracked 
| 133|0x000000008dd00000, 0x000000008dd00000, 0x000000008de00000|  0%| F|  |TAMS 0x000000008dd00000, 0x000000008dd00000| Untracked 
| 134|0x000000008de00000, 0x000000008de00000, 0x000000008df00000|  0%| F|  |TAMS 0x000000008de00000, 0x000000008de00000| Untracked 
| 135|0x000000008df00000, 0x000000008df00000, 0x000000008e000000|  0%| F|  |TAMS 0x000000008df00000, 0x000000008df00000| Untracked 
| 136|0x000000008e000000, 0x000000008e000000, 0x000000008e100000|  0%| F|  |TAMS 0x000000008e000000, 0x000000008e000000| Untracked 
| 137|0x000000008e100000, 0x000000008e100000, 0x000000008e200000|  0%| F|  |TAMS 0x000000008e100000, 0x000000008e100000| Untracked 
| 138|0x000000008e200000, 0x000000008e200000, 0x000000008e300000|  0%| F|  |TAMS 0x000000008e200000, 0x000000008e200000| Untracked 
| 139|0x000000008e300000, 0x000000008e300000, 0x000000008e400000|  0%| F|  |TAMS 0x000000008e300000, 0x000000008e300000| Untracked 
| 140|0x000000008e400000, 0x000000008e400000, 0x000000008e500000|  0%| F|  |TAMS 0x000000008e400000, 0x000000008e400000| Untracked 
| 141|0x000000008e500000, 0x000000008e500000, 0x000000008e600000|  0%| F|  |TAMS 0x000000008e500000, 0x000000008e500000| Untracked 
| 142|0x000000008e600000, 0x000000008e600000, 0x000000008e700000|  0%| F|  |TAMS 0x000000008e600000, 0x000000008e600000| Untracked 
| 143|0x000000008e700000, 0x000000008e700000, 0x000000008e800000|  0%| F|  |TAMS 0x000000008e700000, 0x000000008e700000| Untracked 
| 144|0x000000008e800000, 0x000000008e800000, 0x000000008e900000|  0%| F|  |TAMS 0x000000008e800000, 0x000000008e800000| Untracked 
| 145|0x000000008e900000, 0x000000008e900000, 0x000000008ea00000|  0%| F|  |TAMS 0x000000008e900000, 0x000000008e900000| Untracked 
| 146|0x000000008ea00000, 0x000000008ea00000, 0x000000008eb00000|  0%| F|  |TAMS 0x000000008ea00000, 0x000000008ea00000| Untracked 
| 147|0x000000008eb00000, 0x000000008eb00000, 0x000000008ec00000|  0%| F|  |TAMS 0x000000008eb00000, 0x000000008eb00000| Untracked 
| 148|0x000000008ec00000, 0x000000008ec00000, 0x000000008ed00000|  0%| F|  |TAMS 0x000000008ec00000, 0x000000008ec00000| Untracked 
| 149|0x000000008ed00000, 0x000000008ed00000, 0x000000008ee00000|  0%| F|  |TAMS 0x000000008ed00000, 0x000000008ed00000| Untracked 
| 150|0x000000008ee00000, 0x000000008ee00000, 0x000000008ef00000|  0%| F|  |TAMS 0x000000008ee00000, 0x000000008ee00000| Untracked 
| 151|0x000000008ef00000, 0x000000008ef00000, 0x000000008f000000|  0%| F|  |TAMS 0x000000008ef00000, 0x000000008ef00000| Untracked 
| 152|0x000000008f000000, 0x000000008f000000, 0x000000008f100000|  0%| F|  |TAMS 0x000000008f000000, 0x000000008f000000| Untracked 
| 153|0x000000008f100000, 0x000000008f100000, 0x000000008f200000|  0%| F|  |TAMS 0x000000008f100000, 0x000000008f100000| Untracked 
| 154|0x000000008f200000, 0x000000008f200000, 0x000000008f300000|  0%| F|  |TAMS 0x000000008f200000, 0x000000008f200000| Untracked 
| 155|0x000000008f300000, 0x000000008f300000, 0x000000008f400000|  0%| F|  |TAMS 0x000000008f300000, 0x000000008f300000| Untracked 
| 156|0x000000008f400000, 0x000000008f400000, 0x000000008f500000|  0%| F|  |TAMS 0x000000008f400000, 0x000000008f400000| Untracked 
| 157|0x000000008f500000, 0x000000008f500000, 0x000000008f600000|  0%| F|  |TAMS 0x000000008f500000, 0x000000008f500000| Untracked 
| 158|0x000000008f600000, 0x000000008f600000, 0x000000008f700000|  0%| F|  |TAMS 0x000000008f600000, 0x000000008f600000| Untracked 
| 159|0x000000008f700000, 0x000000008f700000, 0x000000008f800000|  0%| F|  |TAMS 0x000000008f700000, 0x000000008f700000| Untracked 
| 160|0x000000008f800000, 0x000000008f800000, 0x000000008f900000|  0%| F|  |TAMS 0x000000008f800000, 0x000000008f800000| Untracked 
| 161|0x000000008f900000, 0x000000008f900000, 0x000000008fa00000|  0%| F|  |TAMS 0x000000008f900000, 0x000000008f900000| Untracked 
| 162|0x000000008fa00000, 0x000000008fa00000, 0x000000008fb00000|  0%| F|  |TAMS 0x000000008fa00000, 0x000000008fa00000| Untracked 
| 163|0x000000008fb00000, 0x000000008fb00000, 0x000000008fc00000|  0%| F|  |TAMS 0x000000008fb00000, 0x000000008fb00000| Untracked 
| 164|0x000000008fc00000, 0x000000008fc00000, 0x000000008fd00000|  0%| F|  |TAMS 0x000000008fc00000, 0x000000008fc00000| Untracked 
| 165|0x000000008fd00000, 0x000000008fd00000, 0x000000008fe00000|  0%| F|  |TAMS 0x000000008fd00000, 0x000000008fd00000| Untracked 
| 166|0x000000008fe00000, 0x000000008fe00000, 0x000000008ff00000|  0%| F|  |TAMS 0x000000008fe00000, 0x000000008fe00000| Untracked 
| 167|0x000000008ff00000, 0x000000008ff00000, 0x0000000090000000|  0%| F|  |TAMS 0x000000008ff00000, 0x000000008ff00000| Untracked 
| 168|0x0000000090000000, 0x0000000090000000, 0x0000000090100000|  0%| F|  |TAMS 0x0000000090000000, 0x0000000090000000| Untracked 
| 169|0x0000000090100000, 0x0000000090100000, 0x0000000090200000|  0%| F|  |TAMS 0x0000000090100000, 0x0000000090100000| Untracked 
| 170|0x0000000090200000, 0x0000000090200000, 0x0000000090300000|  0%| F|  |TAMS 0x0000000090200000, 0x0000000090200000| Untracked 
| 171|0x0000000090300000, 0x0000000090300000, 0x0000000090400000|  0%| F|  |TAMS 0x0000000090300000, 0x0000000090300000| Untracked 
| 172|0x0000000090400000, 0x0000000090400000, 0x0000000090500000|  0%| F|  |TAMS 0x0000000090400000, 0x0000000090400000| Untracked 
| 173|0x0000000090500000, 0x0000000090500000, 0x0000000090600000|  0%| F|  |TAMS 0x0000000090500000, 0x0000000090500000| Untracked 
| 174|0x0000000090600000, 0x0000000090600000, 0x0000000090700000|  0%| F|  |TAMS 0x0000000090600000, 0x0000000090600000| Untracked 
| 175|0x0000000090700000, 0x0000000090700000, 0x0000000090800000|  0%| F|  |TAMS 0x0000000090700000, 0x0000000090700000| Untracked 
| 176|0x0000000090800000, 0x0000000090800000, 0x0000000090900000|  0%| F|  |TAMS 0x0000000090800000, 0x0000000090800000| Untracked 
| 177|0x0000000090900000, 0x0000000090900000, 0x0000000090a00000|  0%| F|  |TAMS 0x0000000090900000, 0x0000000090900000| Untracked 
| 178|0x0000000090a00000, 0x0000000090a00000, 0x0000000090b00000|  0%| F|  |TAMS 0x0000000090a00000, 0x0000000090a00000| Untracked 
| 179|0x0000000090b00000, 0x0000000090b00000, 0x0000000090c00000|  0%| F|  |TAMS 0x0000000090b00000, 0x0000000090b00000| Untracked 
| 180|0x0000000090c00000, 0x0000000090c00000, 0x0000000090d00000|  0%| F|  |TAMS 0x0000000090c00000, 0x0000000090c00000| Untracked 
| 181|0x0000000090d00000, 0x0000000090d00000, 0x0000000090e00000|  0%| F|  |TAMS 0x0000000090d00000, 0x0000000090d00000| Untracked 
| 182|0x0000000090e00000, 0x0000000090e00000, 0x0000000090f00000|  0%| F|  |TAMS 0x0000000090e00000, 0x0000000090e00000| Untracked 
| 183|0x0000000090f00000, 0x0000000090f00000, 0x0000000091000000|  0%| F|  |TAMS 0x0000000090f00000, 0x0000000090f00000| Untracked 
| 184|0x0000000091000000, 0x0000000091000000, 0x0000000091100000|  0%| F|  |TAMS 0x0000000091000000, 0x0000000091000000| Untracked 
| 185|0x0000000091100000, 0x0000000091100000, 0x0000000091200000|  0%| F|  |TAMS 0x0000000091100000, 0x0000000091100000| Untracked 
| 186|0x0000000091200000, 0x0000000091200000, 0x0000000091300000|  0%| F|  |TAMS 0x0000000091200000, 0x0000000091200000| Untracked 
| 187|0x0000000091300000, 0x0000000091300000, 0x0000000091400000|  0%| F|  |TAMS 0x0000000091300000, 0x0000000091300000| Untracked 
| 188|0x0000000091400000, 0x0000000091400000, 0x0000000091500000|  0%| F|  |TAMS 0x0000000091400000, 0x0000000091400000| Untracked 
| 189|0x0000000091500000, 0x0000000091500000, 0x0000000091600000|  0%| F|  |TAMS 0x0000000091500000, 0x0000000091500000| Untracked 
| 190|0x0000000091600000, 0x0000000091600000, 0x0000000091700000|  0%| F|  |TAMS 0x0000000091600000, 0x0000000091600000| Untracked 
| 191|0x0000000091700000, 0x0000000091700000, 0x0000000091800000|  0%| F|  |TAMS 0x0000000091700000, 0x0000000091700000| Untracked 
| 192|0x0000000091800000, 0x0000000091800000, 0x0000000091900000|  0%| F|  |TAMS 0x0000000091800000, 0x0000000091800000| Untracked 
| 193|0x0000000091900000, 0x0000000091900000, 0x0000000091a00000|  0%| F|  |TAMS 0x0000000091900000, 0x0000000091900000| Untracked 
| 194|0x0000000091a00000, 0x0000000091a00000, 0x0000000091b00000|  0%| F|  |TAMS 0x0000000091a00000, 0x0000000091a00000| Untracked 
| 195|0x0000000091b00000, 0x0000000091b00000, 0x0000000091c00000|  0%| F|  |TAMS 0x0000000091b00000, 0x0000000091b00000| Untracked 
| 196|0x0000000091c00000, 0x0000000091c00000, 0x0000000091d00000|  0%| F|  |TAMS 0x0000000091c00000, 0x0000000091c00000| Untracked 
| 197|0x0000000091d00000, 0x0000000091d00000, 0x0000000091e00000|  0%| F|  |TAMS 0x0000000091d00000, 0x0000000091d00000| Untracked 
| 198|0x0000000091e00000, 0x0000000091e00000, 0x0000000091f00000|  0%| F|  |TAMS 0x0000000091e00000, 0x0000000091e00000| Untracked 
| 199|0x0000000091f00000, 0x0000000091f00000, 0x0000000092000000|  0%| F|  |TAMS 0x0000000091f00000, 0x0000000091f00000| Untracked 
| 200|0x0000000092000000, 0x0000000092000000, 0x0000000092100000|  0%| F|  |TAMS 0x0000000092000000, 0x0000000092000000| Untracked 
| 201|0x0000000092100000, 0x0000000092100000, 0x0000000092200000|  0%| F|  |TAMS 0x0000000092100000, 0x0000000092100000| Untracked 
| 202|0x0000000092200000, 0x0000000092200000, 0x0000000092300000|  0%| F|  |TAMS 0x0000000092200000, 0x0000000092200000| Untracked 
| 203|0x0000000092300000, 0x0000000092300000, 0x0000000092400000|  0%| F|  |TAMS 0x0000000092300000, 0x0000000092300000| Untracked 
| 204|0x0000000092400000, 0x0000000092400000, 0x0000000092500000|  0%| F|  |TAMS 0x0000000092400000, 0x0000000092400000| Untracked 
| 205|0x0000000092500000, 0x0000000092500000, 0x0000000092600000|  0%| F|  |TAMS 0x0000000092500000, 0x0000000092500000| Untracked 
| 206|0x0000000092600000, 0x0000000092600000, 0x0000000092700000|  0%| F|  |TAMS 0x0000000092600000, 0x0000000092600000| Untracked 
| 207|0x0000000092700000, 0x0000000092700000, 0x0000000092800000|  0%| F|  |TAMS 0x0000000092700000, 0x0000000092700000| Untracked 
| 208|0x0000000092800000, 0x0000000092800000, 0x0000000092900000|  0%| F|  |TAMS 0x0000000092800000, 0x0000000092800000| Untracked 
| 209|0x0000000092900000, 0x0000000092900000, 0x0000000092a00000|  0%| F|  |TAMS 0x0000000092900000, 0x0000000092900000| Untracked 
| 210|0x0000000092a00000, 0x0000000092a00000, 0x0000000092b00000|  0%| F|  |TAMS 0x0000000092a00000, 0x0000000092a00000| Untracked 
| 211|0x0000000092b00000, 0x0000000092b00000, 0x0000000092c00000|  0%| F|  |TAMS 0x0000000092b00000, 0x0000000092b00000| Untracked 
| 212|0x0000000092c00000, 0x0000000092c00000, 0x0000000092d00000|  0%| F|  |TAMS 0x0000000092c00000, 0x0000000092c00000| Untracked 
| 213|0x0000000092d00000, 0x0000000092d00000, 0x0000000092e00000|  0%| F|  |TAMS 0x0000000092d00000, 0x0000000092d00000| Untracked 
| 214|0x0000000092e00000, 0x0000000092e00000, 0x0000000092f00000|  0%| F|  |TAMS 0x0000000092e00000, 0x0000000092e00000| Untracked 
| 215|0x0000000092f00000, 0x0000000092f00000, 0x0000000093000000|  0%| F|  |TAMS 0x0000000092f00000, 0x0000000092f00000| Untracked 
| 216|0x0000000093000000, 0x0000000093000000, 0x0000000093100000|  0%| F|  |TAMS 0x0000000093000000, 0x0000000093000000| Untracked 
| 217|0x0000000093100000, 0x0000000093100000, 0x0000000093200000|  0%| F|  |TAMS 0x0000000093100000, 0x0000000093100000| Untracked 
| 218|0x0000000093200000, 0x0000000093200000, 0x0000000093300000|  0%| F|  |TAMS 0x0000000093200000, 0x0000000093200000| Untracked 
| 219|0x0000000093300000, 0x0000000093300000, 0x0000000093400000|  0%| F|  |TAMS 0x0000000093300000, 0x0000000093300000| Untracked 
| 220|0x0000000093400000, 0x0000000093400000, 0x0000000093500000|  0%| F|  |TAMS 0x0000000093400000, 0x0000000093400000| Untracked 
| 221|0x0000000093500000, 0x0000000093500000, 0x0000000093600000|  0%| F|  |TAMS 0x0000000093500000, 0x0000000093500000| Untracked 
| 222|0x0000000093600000, 0x0000000093600000, 0x0000000093700000|  0%| F|  |TAMS 0x0000000093600000, 0x0000000093600000| Untracked 
| 223|0x0000000093700000, 0x0000000093700000, 0x0000000093800000|  0%| F|  |TAMS 0x0000000093700000, 0x0000000093700000| Untracked 
| 224|0x0000000093800000, 0x0000000093800000, 0x0000000093900000|  0%| F|  |TAMS 0x0000000093800000, 0x0000000093800000| Untracked 
| 225|0x0000000093900000, 0x0000000093900000, 0x0000000093a00000|  0%| F|  |TAMS 0x0000000093900000, 0x0000000093900000| Untracked 
| 226|0x0000000093a00000, 0x0000000093a00000, 0x0000000093b00000|  0%| F|  |TAMS 0x0000000093a00000, 0x0000000093a00000| Untracked 
| 227|0x0000000093b00000, 0x0000000093b00000, 0x0000000093c00000|  0%| F|  |TAMS 0x0000000093b00000, 0x0000000093b00000| Untracked 
| 228|0x0000000093c00000, 0x0000000093c00000, 0x0000000093d00000|  0%| F|  |TAMS 0x0000000093c00000, 0x0000000093c00000| Untracked 
| 229|0x0000000093d00000, 0x0000000093d00000, 0x0000000093e00000|  0%| F|  |TAMS 0x0000000093d00000, 0x0000000093d00000| Untracked 
| 230|0x0000000093e00000, 0x0000000093e00000, 0x0000000093f00000|  0%| F|  |TAMS 0x0000000093e00000, 0x0000000093e00000| Untracked 
| 231|0x0000000093f00000, 0x0000000093f00000, 0x0000000094000000|  0%| F|  |TAMS 0x0000000093f00000, 0x0000000093f00000| Untracked 
| 232|0x0000000094000000, 0x0000000094000000, 0x0000000094100000|  0%| F|  |TAMS 0x0000000094000000, 0x0000000094000000| Untracked 
| 233|0x0000000094100000, 0x0000000094100000, 0x0000000094200000|  0%| F|  |TAMS 0x0000000094100000, 0x0000000094100000| Untracked 
| 234|0x0000000094200000, 0x0000000094200000, 0x0000000094300000|  0%| F|  |TAMS 0x0000000094200000, 0x0000000094200000| Untracked 
| 235|0x0000000094300000, 0x0000000094300000, 0x0000000094400000|  0%| F|  |TAMS 0x0000000094300000, 0x0000000094300000| Untracked 
| 236|0x0000000094400000, 0x0000000094400000, 0x0000000094500000|  0%| F|  |TAMS 0x0000000094400000, 0x0000000094400000| Untracked 
| 237|0x0000000094500000, 0x0000000094500000, 0x0000000094600000|  0%| F|  |TAMS 0x0000000094500000, 0x0000000094500000| Untracked 
| 238|0x0000000094600000, 0x0000000094600000, 0x0000000094700000|  0%| F|  |TAMS 0x0000000094600000, 0x0000000094600000| Untracked 
| 239|0x0000000094700000, 0x0000000094700000, 0x0000000094800000|  0%| F|  |TAMS 0x0000000094700000, 0x0000000094700000| Untracked 
| 240|0x0000000094800000, 0x0000000094800000, 0x0000000094900000|  0%| F|  |TAMS 0x0000000094800000, 0x0000000094800000| Untracked 
| 241|0x0000000094900000, 0x0000000094900000, 0x0000000094a00000|  0%| F|  |TAMS 0x0000000094900000, 0x0000000094900000| Untracked 
| 242|0x0000000094a00000, 0x0000000094a00000, 0x0000000094b00000|  0%| F|  |TAMS 0x0000000094a00000, 0x0000000094a00000| Untracked 
| 243|0x0000000094b00000, 0x0000000094b00000, 0x0000000094c00000|  0%| F|  |TAMS 0x0000000094b00000, 0x0000000094b00000| Untracked 
| 244|0x0000000094c00000, 0x0000000094c00000, 0x0000000094d00000|  0%| F|  |TAMS 0x0000000094c00000, 0x0000000094c00000| Untracked 
| 245|0x0000000094d00000, 0x0000000094d00000, 0x0000000094e00000|  0%| F|  |TAMS 0x0000000094d00000, 0x0000000094d00000| Untracked 
| 246|0x0000000094e00000, 0x0000000094e00000, 0x0000000094f00000|  0%| F|  |TAMS 0x0000000094e00000, 0x0000000094e00000| Untracked 
| 247|0x0000000094f00000, 0x0000000094f00000, 0x0000000095000000|  0%| F|  |TAMS 0x0000000094f00000, 0x0000000094f00000| Untracked 
| 248|0x0000000095000000, 0x0000000095000000, 0x0000000095100000|  0%| F|  |TAMS 0x0000000095000000, 0x0000000095000000| Untracked 
| 249|0x0000000095100000, 0x0000000095100000, 0x0000000095200000|  0%| F|  |TAMS 0x0000000095100000, 0x0000000095100000| Untracked 
| 250|0x0000000095200000, 0x0000000095200000, 0x0000000095300000|  0%| F|  |TAMS 0x0000000095200000, 0x0000000095200000| Untracked 
| 251|0x0000000095300000, 0x0000000095300000, 0x0000000095400000|  0%| F|  |TAMS 0x0000000095300000, 0x0000000095300000| Untracked 
| 252|0x0000000095400000, 0x0000000095400000, 0x0000000095500000|  0%| F|  |TAMS 0x0000000095400000, 0x0000000095400000| Untracked 
| 253|0x0000000095500000, 0x0000000095500000, 0x0000000095600000|  0%| F|  |TAMS 0x0000000095500000, 0x0000000095500000| Untracked 
| 254|0x0000000095600000, 0x0000000095600000, 0x0000000095700000|  0%| F|  |TAMS 0x0000000095600000, 0x0000000095600000| Untracked 
| 255|0x0000000095700000, 0x0000000095700000, 0x0000000095800000|  0%| F|  |TAMS 0x0000000095700000, 0x0000000095700000| Untracked 
| 256|0x0000000095800000, 0x0000000095800000, 0x0000000095900000|  0%| F|  |TAMS 0x0000000095800000, 0x0000000095800000| Untracked 
| 257|0x0000000095900000, 0x0000000095900000, 0x0000000095a00000|  0%| F|  |TAMS 0x0000000095900000, 0x0000000095900000| Untracked 
| 258|0x0000000095a00000, 0x0000000095a00000, 0x0000000095b00000|  0%| F|  |TAMS 0x0000000095a00000, 0x0000000095a00000| Untracked 
| 259|0x0000000095b00000, 0x0000000095b00000, 0x0000000095c00000|  0%| F|  |TAMS 0x0000000095b00000, 0x0000000095b00000| Untracked 
| 260|0x0000000095c00000, 0x0000000095c00000, 0x0000000095d00000|  0%| F|  |TAMS 0x0000000095c00000, 0x0000000095c00000| Untracked 
| 261|0x0000000095d00000, 0x0000000095d00000, 0x0000000095e00000|  0%| F|  |TAMS 0x0000000095d00000, 0x0000000095d00000| Untracked 
| 262|0x0000000095e00000, 0x0000000095e00000, 0x0000000095f00000|  0%| F|  |TAMS 0x0000000095e00000, 0x0000000095e00000| Untracked 
| 263|0x0000000095f00000, 0x0000000095f02dd0, 0x0000000096000000|  1%| E|  |TAMS 0x0000000095f00000, 0x0000000095f00000| Complete 
| 264|0x0000000096000000, 0x0000000096100000, 0x0000000096100000|100%| E|CS|TAMS 0x0000000096000000, 0x0000000096000000| Complete 
| 265|0x0000000096100000, 0x0000000096200000, 0x0000000096200000|100%| E|CS|TAMS 0x0000000096100000, 0x0000000096100000| Complete 
| 266|0x0000000096200000, 0x0000000096300000, 0x0000000096300000|100%| E|CS|TAMS 0x0000000096200000, 0x0000000096200000| Complete 
| 267|0x0000000096300000, 0x0000000096400000, 0x0000000096400000|100%| E|CS|TAMS 0x0000000096300000, 0x0000000096300000| Complete 
| 268|0x0000000096400000, 0x0000000096500000, 0x0000000096500000|100%| E|CS|TAMS 0x0000000096400000, 0x0000000096400000| Complete 
| 269|0x0000000096500000, 0x0000000096600000, 0x0000000096600000|100%| E|CS|TAMS 0x0000000096500000, 0x0000000096500000| Complete 
| 270|0x0000000096600000, 0x0000000096700000, 0x0000000096700000|100%| E|CS|TAMS 0x0000000096600000, 0x0000000096600000| Complete 
| 271|0x0000000096700000, 0x0000000096800000, 0x0000000096800000|100%| E|CS|TAMS 0x0000000096700000, 0x0000000096700000| Complete 

Card table byte_map: [0x00000213703a0000,0x0000021370780000] _byte_map_base: 0x000002136ff74000

Marking Bits (Prev, Next): (CMBitMap*) 0x00000213656deaa0, (CMBitMap*) 0x00000213656deae0
 Prev Bits: [0x0000021370b60000, 0x0000021372a00000)
 Next Bits: [0x0000021372a00000, 0x00000213748a0000)

Polling page: 0x00000213636a0000

Metaspace:

Usage:
  Non-class:     15.64 MB used.
      Class:      2.48 MB used.
       Both:     18.12 MB used.

Virtual space:
  Non-class space:       24.00 MB reserved,      15.75 MB ( 66%) committed,  3 nodes.
      Class space:        1.00 GB reserved,       2.62 MB ( <1%) committed,  1 nodes.
             Both:        1.02 GB reserved,      18.38 MB (  2%) committed. 

Chunk freelists:
   Non-Class:  3.61 MB
       Class:  1.39 MB
        Both:  5.00 MB

MaxMetaspaceSize: unlimited
CompressedClassSpaceSize: 1.00 GB
Initial GC threshold: 21.00 MB
Current GC threshold: 21.00 MB
CDS: on
MetaspaceReclaimPolicy: balanced
 - commit_granule_bytes: 65536.
 - commit_granule_words: 8192.
 - virtual_space_node_default_size: 1048576.
 - enlarge_chunks_in_place: 1.
 - new_chunks_are_fully_committed: 0.
 - uncommit_free_chunks: 1.
 - use_allocation_guard: 0.
 - handle_deallocations: 1.


Internal statistics:

num_allocs_failed_limit: 0.
num_arena_births: 352.
num_arena_deaths: 0.
num_vsnodes_births: 4.
num_vsnodes_deaths: 0.
num_space_committed: 294.
num_space_uncommitted: 0.
num_chunks_returned_to_freelist: 0.
num_chunks_taken_from_freelist: 1140.
num_chunk_merges: 0.
num_chunk_splits: 706.
num_chunks_enlarged: 445.
num_purges: 0.
num_inconsistent_stats: 0.

CodeCache: size=49152Kb used=8745Kb max_used=8745Kb free=40406Kb
 bounds [0x000002136ceb0000, 0x000002136d740000, 0x000002136feb0000]
 total_blobs=3885 nmethods=3402 adapters=407
 compilation: enabled
              stopped_count=0, restarted_count=0
 full_count=0

Compilation events (20 events):
Event: 2.966 Thread 0x0000021377d63510 3268       1       io.quarkus.gizmo.MethodCreatorImpl::getModifiers (5 bytes)
Event: 2.966 Thread 0x0000021377d652f0 nmethod 3346 0x000002136d719110 code [0x000002136d7192a0, 0x000002136d7193f8]
Event: 2.966 Thread 0x0000021377d652f0 3215   !   1       java.lang.invoke.InnerClassLambdaMetafactory::buildCallSite (201 bytes)
Event: 2.966 Thread 0x0000021377d62bf0 3214       1       java.lang.invoke.InnerClassLambdaMetafactory::spinInnerClass (111 bytes)
Event: 2.966 Thread 0x0000021377d63510 nmethod 3268 0x000002136d719490 code [0x000002136d719620, 0x000002136d7196f8]
Event: 2.966 Thread 0x0000021377d63510 3216       1       java.lang.invoke.LambdaProxyClassArchive::find (63 bytes)
Event: 2.966 Thread 0x0000021377d62bf0 nmethod 3214 0x000002136d719790 code [0x000002136d719940, 0x000002136d719ad8]
Event: 2.966 Thread 0x0000021377d62bf0 3217       1       java.lang.invoke.LambdaProxyClassArchive::loadedByBuiltinLoader (22 bytes)
Event: 2.967 Thread 0x0000021377d63510 nmethod 3216 0x000002136d71cb90 code [0x000002136d71cd60, 0x000002136d71d018]
Event: 2.967 Thread 0x000002137730cee0 nmethod 3380 0x000002136d719b90 code [0x000002136d71a060, 0x000002136d71bb88]
Event: 2.967 Thread 0x0000021377d63510 3383       1       io.quarkus.gizmo.BytecodeCreator::loadClassFromTCCL (11 bytes)
Event: 2.967 Thread 0x000002137730cee0 3384       1       io.quarkus.gizmo.BytecodeCreatorImpl::loadClassFromTCCL (7 bytes)
Event: 2.968 Thread 0x0000021377d62bf0 nmethod 3217 0x000002136d71d210 code [0x000002136d71d3c0, 0x000002136d71d678]
Event: 2.968 Thread 0x0000021377d62bf0 3385       1       io.quarkus.gizmo.BytecodeCreatorImpl::loadClass (151 bytes)
Event: 2.968 Thread 0x000002137730cee0 nmethod 3384 0x000002136d71d890 code [0x000002136d71da20, 0x000002136d71db28]
Event: 2.968 Thread 0x000002137730cee0 3386       1       io.quarkus.gizmo.BytecodeCreatorImpl::matchPossiblyPrimitive (297 bytes)
Event: 2.968 Thread 0x0000021377d63510 nmethod 3383 0x000002136d71db90 code [0x000002136d71dd40, 0x000002136d71deb8]
Event: 2.968 Thread 0x0000021377d63510 3390       1       io.quarkus.gizmo.BytecodeCreatorImpl::isNonPrimitiveSafeJavaClass (10 bytes)
Event: 2.968 Thread 0x0000021377d63510 nmethod 3390 0x000002136d71e010 code [0x000002136d71e1c0, 0x000002136d71e378]
Event: 2.968 Thread 0x0000021377d63510 3393       1       org.objectweb.asm.Frame::setInputFrameFromDescriptor (175 bytes)

GC Heap History (12 events):
Event: 0.709 GC heap before
{Heap before GC invocations=0 (full 0):
 garbage-first heap   total 126976K, used 23552K [0x0000000085800000, 0x0000000100000000)
  region size 1024K, 23 young (23552K), 0 survivors (0K)
 Metaspace       used 3243K, committed 3456K, reserved 1056768K
  class space    used 378K, committed 512K, reserved 1048576K
}
Event: 0.720 GC heap after
{Heap after GC invocations=1 (full 0):
 garbage-first heap   total 126976K, used 10048K [0x0000000085800000, 0x0000000100000000)
  region size 1024K, 3 young (3072K), 3 survivors (3072K)
 Metaspace       used 3243K, committed 3456K, reserved 1056768K
  class space    used 378K, committed 512K, reserved 1048576K
}
Event: 1.080 GC heap before
{Heap before GC invocations=1 (full 0):
 garbage-first heap   total 126976K, used 28480K [0x0000000085800000, 0x0000000100000000)
  region size 1024K, 20 young (20480K), 3 survivors (3072K)
 Metaspace       used 3466K, committed 3648K, reserved 1056768K
  class space    used 422K, committed 512K, reserved 1048576K
}
Event: 1.092 GC heap after
{Heap after GC invocations=2 (full 0):
 garbage-first heap   total 126976K, used 23002K [0x0000000085800000, 0x0000000100000000)
  region size 1024K, 3 young (3072K), 3 survivors (3072K)
 Metaspace       used 3466K, committed 3648K, reserved 1056768K
  class space    used 422K, committed 512K, reserved 1048576K
}
Event: 1.147 GC heap before
{Heap before GC invocations=2 (full 0):
 garbage-first heap   total 126976K, used 48602K [0x0000000085800000, 0x0000000100000000)
  region size 1024K, 29 young (29696K), 3 survivors (3072K)
 Metaspace       used 3467K, committed 3648K, reserved 1056768K
  class space    used 422K, committed 512K, reserved 1048576K
}
Event: 1.159 GC heap after
{Heap after GC invocations=3 (full 0):
 garbage-first heap   total 126976K, used 26108K [0x0000000085800000, 0x0000000100000000)
  region size 1024K, 3 young (3072K), 3 survivors (3072K)
 Metaspace       used 3467K, committed 3648K, reserved 1056768K
  class space    used 422K, committed 512K, reserved 1048576K
}
Event: 1.167 GC heap before
{Heap before GC invocations=3 (full 0):
 garbage-first heap   total 126976K, used 66044K [0x0000000085800000, 0x0000000100000000)
  region size 1024K, 43 young (44032K), 3 survivors (3072K)
 Metaspace       used 3467K, committed 3648K, reserved 1056768K
  class space    used 422K, committed 512K, reserved 1048576K
}
Event: 1.172 GC heap after
{Heap after GC invocations=4 (full 0):
 garbage-first heap   total 126976K, used 26112K [0x0000000085800000, 0x0000000100000000)
  region size 1024K, 3 young (3072K), 3 survivors (3072K)
 Metaspace       used 3467K, committed 3648K, reserved 1056768K
  class space    used 422K, committed 512K, reserved 1048576K
}
Event: 1.223 GC heap before
{Heap before GC invocations=4 (full 0):
 garbage-first heap   total 126976K, used 89600K [0x0000000085800000, 0x0000000100000000)
  region size 1024K, 66 young (67584K), 3 survivors (3072K)
 Metaspace       used 3467K, committed 3648K, reserved 1056768K
  class space    used 422K, committed 512K, reserved 1048576K
}
Event: 1.241 GC heap after
{Heap after GC invocations=5 (full 0):
 garbage-first heap   total 278528K, used 29447K [0x0000000085800000, 0x0000000100000000)
  region size 1024K, 7 young (7168K), 7 survivors (7168K)
 Metaspace       used 3467K, committed 3648K, reserved 1056768K
  class space    used 422K, committed 512K, reserved 1048576K
}
Event: 2.929 GC heap before
{Heap before GC invocations=5 (full 0):
 garbage-first heap   total 278528K, used 191239K [0x0000000085800000, 0x0000000100000000)
  region size 1024K, 163 young (166912K), 7 survivors (7168K)
 Metaspace       used 18025K, committed 18368K, reserved 1073152K
  class space    used 2472K, committed 2624K, reserved 1048576K
}
Event: 2.945 GC heap after
{Heap after GC invocations=6 (full 0):
 garbage-first heap   total 278528K, used 52321K [0x0000000085800000, 0x0000000100000000)
  region size 1024K, 21 young (21504K), 21 survivors (21504K)
 Metaspace       used 18025K, committed 18368K, reserved 1073152K
  class space    used 2472K, committed 2624K, reserved 1048576K
}

Deoptimization events (20 events):
Event: 2.963 Thread 0x000002137ab15e60 DEOPT PACKING pc=0x000002136d2b51ec sp=0x0000007ef80fc820
Event: 2.963 Thread 0x000002137ab15e60 DEOPT UNPACKING pc=0x000002136cf06763 sp=0x0000007ef80fbcb8 mode 1
Event: 2.963 Thread 0x000002137ab15e60 DEOPT PACKING pc=0x000002136d2b43fc sp=0x0000007ef80fc8f0
Event: 2.963 Thread 0x000002137ab15e60 DEOPT UNPACKING pc=0x000002136cf06763 sp=0x0000007ef80fbd98 mode 1
Event: 2.963 Thread 0x000002137ab15e60 DEOPT PACKING pc=0x000002136d69e064 sp=0x0000007ef80fc940
Event: 2.963 Thread 0x000002137ab15e60 DEOPT UNPACKING pc=0x000002136cf06763 sp=0x0000007ef80fbf60 mode 1
Event: 2.964 Thread 0x000002137ab15e60 DEOPT PACKING pc=0x000002136d42fbf4 sp=0x0000007ef80fcb90
Event: 2.964 Thread 0x000002137ab15e60 DEOPT UNPACKING pc=0x000002136cf06763 sp=0x0000007ef80fc048 mode 1
Event: 2.964 Thread 0x000002137ab15e60 DEOPT PACKING pc=0x000002136d46f454 sp=0x0000007ef80fd570
Event: 2.964 Thread 0x000002137ab15e60 DEOPT UNPACKING pc=0x000002136cf06763 sp=0x0000007ef80fca60 mode 1
Event: 2.964 Thread 0x000002137ab15e60 DEOPT PACKING pc=0x000002136d2b51ec sp=0x0000007ef80fc820
Event: 2.964 Thread 0x000002137ab15e60 DEOPT UNPACKING pc=0x000002136cf06763 sp=0x0000007ef80fbcb8 mode 1
Event: 2.964 Thread 0x000002137ab15e60 DEOPT PACKING pc=0x000002136d2b43fc sp=0x0000007ef80fc8f0
Event: 2.964 Thread 0x000002137ab15e60 DEOPT UNPACKING pc=0x000002136cf06763 sp=0x0000007ef80fbd98 mode 1
Event: 2.964 Thread 0x000002137ab15e60 DEOPT PACKING pc=0x000002136d69e064 sp=0x0000007ef80fc940
Event: 2.964 Thread 0x000002137ab15e60 DEOPT UNPACKING pc=0x000002136cf06763 sp=0x0000007ef80fbf60 mode 1
Event: 2.964 Thread 0x000002137ab15e60 DEOPT PACKING pc=0x000002136d42fbf4 sp=0x0000007ef80fcb90
Event: 2.964 Thread 0x000002137ab15e60 DEOPT UNPACKING pc=0x000002136cf06763 sp=0x0000007ef80fc048 mode 1
Event: 2.965 Thread 0x000002137ab15e60 DEOPT PACKING pc=0x000002136d46f454 sp=0x0000007ef80fd570
Event: 2.965 Thread 0x000002137ab15e60 DEOPT UNPACKING pc=0x000002136cf06763 sp=0x0000007ef80fca60 mode 1

Classes unloaded (0 events):
No events

Classes redefined (0 events):
No events

Internal exceptions (20 events):
Event: 2.735 Thread 0x000002137ab16330 Exception <a 'sun/nio/fs/WindowsException'{0x000000008f601da8}> (0x000000008f601da8) 
thrown [t:\workspace\open\src\hotspot\share\prims\jni.cpp, line 516]
Event: 2.737 Thread 0x000002137ab16330 Exception <a 'sun/nio/fs/WindowsException'{0x000000008f602078}> (0x000000008f602078) 
thrown [t:\workspace\open\src\hotspot\share\prims\jni.cpp, line 516]
Event: 2.737 Thread 0x000002137ab16330 Exception <a 'sun/nio/fs/WindowsException'{0x000000008f602958}> (0x000000008f602958) 
thrown [t:\workspace\open\src\hotspot\share\prims\jni.cpp, line 516]
Event: 2.739 Thread 0x000002137ab16330 Exception <a 'sun/nio/fs/WindowsException'{0x000000008f602f20}> (0x000000008f602f20) 
thrown [t:\workspace\open\src\hotspot\share\prims\jni.cpp, line 516]
Event: 2.741 Thread 0x000002137ab16330 Exception <a 'sun/nio/fs/WindowsException'{0x000000008f6031b0}> (0x000000008f6031b0) 
thrown [t:\workspace\open\src\hotspot\share\prims\jni.cpp, line 516]
Event: 2.750 Thread 0x000002137ab15990 Exception <a 'sun/nio/fs/WindowsException'{0x000000008f889540}> (0x000000008f889540) 
thrown [t:\workspace\open\src\hotspot\share\prims\jni.cpp, line 516]
Event: 2.773 Thread 0x000002137afc1a10 Exception <a 'java/lang/IncompatibleClassChangeError'{0x000000008e780ca8}: Found class java.lang.Object, but interface was expected> (0x000000008e780ca8) 
thrown [t:\workspace\open\src\hotspot\share\interpreter\linkResolver.cpp, line 833]
Event: 2.773 Thread 0x0000021379a60a50 Exception <a 'java/lang/IncompatibleClassChangeError'{0x000000008e9b5b08}: Found class java.lang.Object, but interface was expected> (0x000000008e9b5b08) 
thrown [t:\workspace\open\src\hotspot\share\interpreter\linkResolver.cpp, line 833]
Event: 2.773 Thread 0x000002137ab14650 Exception <a 'java/lang/IncompatibleClassChangeError'{0x000000008fc55fd8}: Found class java.lang.Object, but interface was expected> (0x000000008fc55fd8) 
thrown [t:\workspace\open\src\hotspot\share\interpreter\linkResolver.cpp, line 833]
Event: 2.774 Thread 0x000002137afbe050 Exception <a 'java/lang/IncompatibleClassChangeError'{0x000000008ed04da8}: Found class java.lang.Object, but interface was expected> (0x000000008ed04da8) 
thrown [t:\workspace\open\src\hotspot\share\interpreter\linkResolver.cpp, line 833]
Event: 2.774 Thread 0x000002137ab13310 Exception <a 'java/lang/IncompatibleClassChangeError'{0x000000008f18dd18}: Found class java.lang.Object, but interface was expected> (0x000000008f18dd18) 
thrown [t:\workspace\open\src\hotspot\share\interpreter\linkResolver.cpp, line 833]
Event: 2.774 Thread 0x0000021379a5ed70 Exception <a 'java/lang/IncompatibleClassChangeError'{0x00000000901a7b50}: Found class java.lang.Object, but interface was expected> (0x00000000901a7b50) 
thrown [t:\workspace\open\src\hotspot\share\interpreter\linkResolver.cpp, line 833]
Event: 2.774 Thread 0x000002137afc2d50 Exception <a 'java/lang/IncompatibleClassChangeError'{0x000000008ee0e9c8}: Found class java.lang.Object, but interface was expected> (0x000000008ee0e9c8) 
thrown [t:\workspace\open\src\hotspot\share\interpreter\linkResolver.cpp, line 833]
Event: 2.774 Thread 0x000002137ab137e0 Exception <a 'java/lang/IncompatibleClassChangeError'{0x000000008f00b1b0}: Found class java.lang.Object, but interface was expected> (0x000000008f00b1b0) 
thrown [t:\workspace\open\src\hotspot\share\interpreter\linkResolver.cpp, line 833]
Event: 2.774 Thread 0x000002137afbf390 Exception <a 'java/lang/IncompatibleClassChangeError'{0x000000008ec86aa8}: Found class java.lang.Object, but interface was expected> (0x000000008ec86aa8) 
thrown [t:\workspace\open\src\hotspot\share\interpreter\linkResolver.cpp, line 833]
Event: 2.774 Thread 0x000002137ab19820 Exception <a 'java/lang/IncompatibleClassChangeError'{0x000000008f51ce98}: Found class java.lang.Object, but interface was expected> (0x000000008f51ce98) 
thrown [t:\workspace\open\src\hotspot\share\interpreter\linkResolver.cpp, line 833]
Event: 2.775 Thread 0x000002137ab124a0 Exception <a 'java/lang/IncompatibleClassChangeError'{0x000000008ee85dc8}: Found class java.lang.Object, but interface was expected> (0x000000008ee85dc8) 
thrown [t:\workspace\open\src\hotspot\share\interpreter\linkResolver.cpp, line 833]
Event: 2.811 Thread 0x000002137ab18010 Exception <a 'java/lang/NoSuchMethodError'{0x000000008fb22ec0}: 'int java.lang.invoke.DirectMethodHandle$Holder.invokeSpecialIFC(java.lang.Object, java.lang.Object, java.lang.Object, java.lang.Object)'> (0x000000008fb22ec0) 
thrown [t:\workspace\open\src\hotspot\share\interpreter\linkResolver.cpp, line 766]
Event: 2.847 Thread 0x000002137ab18e80 Exception <a 'java/lang/NoSuchMethodError'{0x000000008fa66fa8}: 'void java.lang.invoke.DirectMethodHandle$Holder.invokeInterface(java.lang.Object, java.lang.Object, java.lang.Object)'> (0x000000008fa66fa8) 
thrown [t:\workspace\open\src\hotspot\share\interpreter\linkResolver.cpp, line 766]
Event: 2.861 Thread 0x000002137ab15990 Exception <a 'java/lang/NoSuchMethodError'{0x000000008dabd0a8}: 'void java.lang.invoke.DirectMethodHandle$Holder.invokeStatic(java.lang.Object, int, java.lang.Object)'> (0x000000008dabd0a8) 
thrown [t:\workspace\open\src\hotspot\share\interpreter\linkResolver.cpp, line 766]

VM Operations (20 events):
Event: 2.686 Executing VM operation: ICBufferFull
Event: 2.686 Executing VM operation: ICBufferFull done
Event: 2.713 Executing VM operation: HandshakeAllThreads
Event: 2.713 Executing VM operation: HandshakeAllThreads done
Event: 2.729 Executing VM operation: ICBufferFull
Event: 2.731 Executing VM operation: ICBufferFull done
Event: 2.802 Executing VM operation: HandshakeAllThreads
Event: 2.809 Executing VM operation: HandshakeAllThreads done
Event: 2.813 Executing VM operation: HandshakeAllThreads
Event: 2.816 Executing VM operation: HandshakeAllThreads done
Event: 2.816 Executing VM operation: HandshakeAllThreads
Event: 2.816 Executing VM operation: HandshakeAllThreads done
Event: 2.819 Executing VM operation: HandshakeAllThreads
Event: 2.820 Executing VM operation: HandshakeAllThreads done
Event: 2.827 Executing VM operation: HandshakeAllThreads
Event: 2.830 Executing VM operation: HandshakeAllThreads done
Event: 2.839 Executing VM operation: HandshakeAllThreads
Event: 2.842 Executing VM operation: HandshakeAllThreads done
Event: 2.921 Executing VM operation: G1CollectForAllocation
Event: 2.946 Executing VM operation: G1CollectForAllocation done

Events (20 events):
Event: 2.964 loading class jdk/management/jfr/internal/FlightRecorderMXBeanProvider$SingleMBeanComponent done
Event: 2.964 loading class sun/util/resources/LocaleData$CommonResourceBundleProvider
Event: 2.964 loading class sun/util/resources/LocaleData$LocaleDataResourceBundleProvider
Event: 2.965 loading class java/util/spi/ResourceBundleProvider
Event: 2.965 loading class java/util/spi/ResourceBundleProvider done
Event: 2.965 loading class sun/util/resources/LocaleData$LocaleDataResourceBundleProvider done
Event: 2.965 loading class sun/util/resources/LocaleData$CommonResourceBundleProvider done
Event: 2.965 loading class java/util/ArrayList$SubList$1
Event: 2.966 loading class java/util/stream/ReduceOps$2
Event: 2.966 loading class java/util/stream/ReduceOps$2 done
Event: 2.966 loading class java/util/ArrayList$SubList$1 done
Event: 2.966 loading class java/util/stream/ReduceOps$2ReducingSink
Event: 2.967 loading class java/util/stream/ReduceOps$2ReducingSink done
Event: 2.967 Loaded shared library C:\Users\HP\AppData\Local\Temp\jansi-2.4.0-89fef4c8aa517338-jansi.dll
Event: 2.967 loading class sun/management/RuntimeImpl
Event: 2.967 loading class jdk/internal/loader/NativeLibraries$Unloader
Event: 2.967 loading class sun/text/resources/cldr/FormatData_en
Event: 2.968 loading class sun/management/RuntimeImpl done
Event: 2.968 loading class java/util/Collections$2
Event: 2.968 loading class jdk/internal/loader/NativeLibraries$Unloader done


Dynamic libraries:
0x00007ff6a55a0000 - 0x00007ff6a55b0000 	C:\Program Files\Java\jdk-17.0.1\bin\java.EXE
0x00007ffb68d50000 - 0x00007ffb68f47000 	C:\windows\SYSTEM32\ntdll.dll
0x00007ffb66e80000 - 0x00007ffb66f3d000 	C:\windows\System32\KERNEL32.DLL
0x00007ffb667c0000 - 0x00007ffb66ab6000 	C:\windows\System32\KERNELBASE.dll
0x00007ffb66430000 - 0x00007ffb66530000 	C:\windows\System32\ucrtbase.dll
0x00007ffb351a0000 - 0x00007ffb351b8000 	C:\Program Files\Java\jdk-17.0.1\bin\jli.dll
0x00007ffb3ea40000 - 0x00007ffb3ea5a000 	C:\Program Files\Java\jdk-17.0.1\bin\VCRUNTIME140.dll
0x00007ffb66f40000 - 0x00007ffb66fee000 	C:\windows\System32\ADVAPI32.dll
0x00007ffb68910000 - 0x00007ffb689ae000 	C:\windows\System32\msvcrt.dll
0x00007ffb67b60000 - 0x00007ffb67bfc000 	C:\windows\System32\sechost.dll
0x00007ffb670d0000 - 0x00007ffb671f6000 	C:\windows\System32\RPCRT4.dll
0x00007ffb68680000 - 0x00007ffb6881e000 	C:\windows\System32\USER32.dll
0x00007ffb66d80000 - 0x00007ffb66da2000 	C:\windows\System32\win32u.dll
0x00007ffb67fb0000 - 0x00007ffb67fdc000 	C:\windows\System32\GDI32.dll
0x00007ffb446c0000 - 0x00007ffb4495a000 	C:\windows\WinSxS\amd64_microsoft.windows.common-controls_6595b64144ccf1df_6.0.19041.3570_none_60bb2a3971f3e41a\COMCTL32.dll
0x00007ffb66b30000 - 0x00007ffb66c4a000 	C:\windows\System32\gdi32full.dll
0x00007ffb66720000 - 0x00007ffb667bd000 	C:\windows\System32\msvcp_win.dll
0x00007ffb5ab30000 - 0x00007ffb5ab3a000 	C:\windows\SYSTEM32\VERSION.dll
0x00007ffb68820000 - 0x00007ffb68850000 	C:\windows\System32\IMM32.DLL
0x00007ffb40fa0000 - 0x00007ffb40fac000 	C:\Program Files\Java\jdk-17.0.1\bin\vcruntime140_1.dll
0x00007ffb220b0000 - 0x00007ffb2213d000 	C:\Program Files\Java\jdk-17.0.1\bin\msvcp140.dll
0x00007ffb0ae80000 - 0x00007ffb0ba3e000 	C:\Program Files\Java\jdk-17.0.1\bin\server\jvm.dll
0x00007ffb67d10000 - 0x00007ffb67d18000 	C:\windows\System32\PSAPI.DLL
0x00007ffb46140000 - 0x00007ffb46167000 	C:\windows\SYSTEM32\WINMM.dll
0x00007ffb40340000 - 0x00007ffb40349000 	C:\windows\SYSTEM32\WSOCK32.dll
0x00007ffb67c10000 - 0x00007ffb67c7b000 	C:\windows\System32\WS2_32.dll
0x00007ffb64c10000 - 0x00007ffb64c22000 	C:\windows\SYSTEM32\kernel.appcore.dll
0x00007ffb3ea30000 - 0x00007ffb3ea3a000 	C:\Program Files\Java\jdk-17.0.1\bin\jimage.dll
0x00007ffb641a0000 - 0x00007ffb64384000 	C:\windows\SYSTEM32\DBGHELP.DLL
0x00007ffb49a50000 - 0x00007ffb49a84000 	C:\windows\SYSTEM32\dbgcore.DLL
0x00007ffb66530000 - 0x00007ffb665b2000 	C:\windows\System32\bcryptPrimitives.dll
0x00007ffb62aa0000 - 0x00007ffb62aae000 	C:\Program Files\Java\jdk-17.0.1\bin\instrument.dll
0x00007ffb35060000 - 0x00007ffb35085000 	C:\Program Files\Java\jdk-17.0.1\bin\java.dll
0x00007ffb41170000 - 0x00007ffb411ab000 	C:\Program Files\Java\jdk-17.0.1\bin\jdwp.dll
0x00007ffb16b70000 - 0x00007ffb16c46000 	C:\Program Files\Java\jdk-17.0.1\bin\svml.dll
0x00007ffb67200000 - 0x00007ffb67944000 	C:\windows\System32\SHELL32.dll
0x00007ffb64470000 - 0x00007ffb64c0b000 	C:\windows\SYSTEM32\windows.storage.dll
0x00007ffb689b0000 - 0x00007ffb68d04000 	C:\windows\System32\combase.dll
0x00007ffb65e70000 - 0x00007ffb65e9d000 	C:\windows\SYSTEM32\Wldp.dll
0x00007ffb685d0000 - 0x00007ffb6867d000 	C:\windows\System32\SHCORE.dll
0x00007ffb68850000 - 0x00007ffb688a5000 	C:\windows\System32\shlwapi.dll
0x00007ffb66360000 - 0x00007ffb66385000 	C:\windows\SYSTEM32\profapi.dll
0x00007ffb2bb10000 - 0x00007ffb2bb28000 	C:\Program Files\Java\jdk-17.0.1\bin\zip.dll
0x00007ffb32dc0000 - 0x00007ffb32dd9000 	C:\Program Files\Java\jdk-17.0.1\bin\net.dll
0x00007ffb5d8d0000 - 0x00007ffb5d9da000 	C:\windows\SYSTEM32\WINHTTP.dll
0x00007ffb65bd0000 - 0x00007ffb65c3a000 	C:\windows\system32\mswsock.dll
0x00007ffb32c80000 - 0x00007ffb32c95000 	C:\Program Files\Java\jdk-17.0.1\bin\nio.dll
0x00007ffb5c410000 - 0x00007ffb5c41c000 	C:\Program Files\Java\jdk-17.0.1\bin\dt_socket.dll
0x00007ffb65870000 - 0x00007ffb658ab000 	C:\windows\SYSTEM32\IPHLPAPI.DLL
0x00007ffb658c0000 - 0x00007ffb6598a000 	C:\windows\SYSTEM32\DNSAPI.dll
0x00007ffb67c00000 - 0x00007ffb67c08000 	C:\windows\System32\NSI.dll
0x00007ffb59720000 - 0x00007ffb5972a000 	C:\Windows\System32\rasadhlp.dll
0x00007ffb55f60000 - 0x00007ffb55fe2000 	C:\windows\System32\fwpuclnt.dll
0x00007ffb66d50000 - 0x00007ffb66d77000 	C:\windows\System32\bcrypt.dll
0x00007ffb35190000 - 0x00007ffb351a0000 	C:\Program Files\Java\jdk-17.0.1\bin\verify.dll
0x00007ffb5c400000 - 0x00007ffb5c409000 	C:\Program Files\Java\jdk-17.0.1\bin\management.dll
0x00007ffb5c3f0000 - 0x00007ffb5c3fb000 	C:\Program Files\Java\jdk-17.0.1\bin\management_ext.dll
0x0000000069ac0000 - 0x0000000069ae4000 	C:\Users\HP\AppData\Local\Temp\jansi-2.4.0-89fef4c8aa517338-jansi.dll

dbghelp: loaded successfully - version: 4.0.5 - missing functions: none
symbol engine: initialized successfully - sym options: 0x614 - pdb path: .;C:\Program Files\Java\jdk-17.0.1\bin;C:\windows\SYSTEM32;C:\windows\WinSxS\amd64_microsoft.windows.common-controls_6595b64144ccf1df_6.0.19041.3570_none_60bb2a3971f3e41a;C:\Program Files\Java\jdk-17.0.1\bin\server;C:\Users\HP\AppData\Local\Temp

VM Arguments:
jvm_args: -Dquarkus-internal.serialized-app-model.path=D:\New folder\Programming\Java\code-with-quarkus\target\quarkus\bootstrap\dev-app-model.dat -javaagent:C:\Users\HP\.m2\repository\io\quarkus\quarkus-class-change-agent\3.5.0\quarkus-class-change-agent-3.5.0.jar -XX:TieredStopAtLevel=1 -agentlib:jdwp=transport=dt_socket,address=localhost:5005,server=y,suspend=n -Djava.util.logging.manager=org.jboss.logmanager.LogManager 
java_command: D:\New folder\Programming\Java\code-with-quarkus\target\code-with-quarkus-dev.jar
java_class_path (initial): D:\New folder\Programming\Java\code-with-quarkus\target\code-with-quarkus-dev.jar
Launcher Type: SUN_STANDARD

[Global flags]
     intx CICompilerCount                          = 4                                         {product} {ergonomic}
     uint ConcGCThreads                            = 2                                         {product} {ergonomic}
     uint G1ConcRefinementThreads                  = 8                                         {product} {ergonomic}
   size_t G1HeapRegionSize                         = 1048576                                   {product} {ergonomic}
    uintx GCDrainStackTargetSize                   = 64                                        {product} {ergonomic}
   size_t InitialHeapSize                          = 130023424                                 {product} {ergonomic}
   size_t MarkStackSize                            = 4194304                                   {product} {ergonomic}
   size_t MaxHeapSize                              = 2055208960                                {product} {ergonomic}
   size_t MaxNewSize                               = 1233125376                                {product} {ergonomic}
   size_t MinHeapDeltaBytes                        = 1048576                                   {product} {ergonomic}
   size_t MinHeapSize                              = 8388608                                   {product} {ergonomic}
    uintx NonProfiledCodeHeapSize                  = 0                                      {pd product} {ergonomic}
     bool ProfileInterpreter                       = false                                  {pd product} {command line}
    uintx ProfiledCodeHeapSize                     = 0                                      {pd product} {ergonomic}
   size_t SoftMaxHeapSize                          = 2055208960                             {manageable} {ergonomic}
     intx TieredStopAtLevel                        = 1                                         {product} {command line}
     bool UseCompressedClassPointers               = true                           {product lp64_product} {ergonomic}
     bool UseCompressedOops                        = true                           {product lp64_product} {ergonomic}
     bool UseG1GC                                  = true                                      {product} {ergonomic}
     bool UseLargePagesIndividualAllocation        = false                                  {pd product} {ergonomic}

Logging:
Log output configuration:
 #0: stdout all=warning uptime,level,tags
 #1: stderr all=off uptime,level,tags

Environment Variables:
JAVA_HOME=C:/Program Files/Java/jdk-17.0.1
PATH=C:\Program Files\Common Files\Oracle\Java\javapath;C:\windows\system32;C:\windows;C:\windows\System32\Wbem;C:\windows\System32\WindowsPowerShell\v1.0\;C:\windows\System32\OpenSSH\;C:\Program Files\dotnet\;C:\Program Files\Microsoft SQL Server\Client SDK\ODBC\170\Tools\Binn\;C:\Program Files (x86)\Microsoft SQL Server\150\Tools\Binn\;C:\Program Files\Microsoft SQL Server\150\Tools\Binn\;C:\Program Files\Microsoft SQL Server\150\DTS\Binn\;C:\Program Files (x86)\Microsoft SQL Server\150\DTS\Binn\;C:\Program Files\Git\cmd;C:\Program Files\MongoDB\Server\5.0\bin;C:\Program Files\nodejs\;C:\Program Files\Go\bin;C:\Program Files\Docker\Docker\resources\bin;C:\Program Files\PowerShell\7\;C:\Users\HP\AppData\Local\Programs\Python\Python310\Scripts\;C:\Users\HP\AppData\Local\Programs\Python\Python310\;C:\Users\HP\AppData\Local\Microsoft\WindowsApps;C:\Users\HP\AppData\Local\Programs\Microsoft VS Code\bin;C:\MinGW\bin;C:\Program Files\Azure Data Studio\bin;C:\Users\HP\AppData\Local\Programs\oh-my-posh\bin;C:\Program Files\heroku\bin;C:\Users\HP\AppData\Roaming\npm;C:\Program Files\Terraform;C:\Users\HP\go\bin;C:\Users\HP\AppData\Local\JetBrains\Toolbox\scripts
USERNAME=HP
OS=Windows_NT
PROCESSOR_IDENTIFIER=Intel64 Family 6 Model 140 Stepping 1, GenuineIntel



---------------  S Y S T E M  ---------------

OS:
 Windows 10 , 64 bit Build 19041 (10.0.19041.3570)
OS uptime: 0 days 7:21 hours
Hyper-V role detected

CPU: total 8 (initial active 8) (4 cores per cpu, 2 threads per core) family 6 model 140 stepping 1 microcode 0x8a, cx8, cmov, fxsr, ht, mmx, 3dnowpref, sse, sse2, sse3, ssse3, sse4.1, sse4.2, popcnt, lzcnt, tsc, tscinvbit, avx, avx2, aes, erms, clmul, bmi1, bmi2, adx, avx512f, avx512dq, avx512cd, avx512bw, avx512vl, sha, fma, vzeroupper, avx512_vpopcntdq, avx512_vpclmulqdq, avx512_vaes, avx512_vnni, clflush, clflushopt, clwb, avx512_vbmi2, avx512_vbmi, hv

Memory: 4k page, system-wide physical 7834M (424M free)
TotalPageFile size 11620M (AvailPageFile size 2M)
current process WorkingSet (physical memory assigned to process): 325M, peak: 325M
current process commit charge ("private bytes"): 425M, peak: 425M

vm_info: Java HotSpot(TM) 64-Bit Server VM (17.0.1+12-LTS-39) for windows-amd64 JRE (17.0.1+12-LTS-39), built on Sep 27 2021 18:41:35 by "mach5one" with MS VC++ 16.8 (VS2019)

END.
